#
# A fatal error has been detected by the Java Runtime Environment:
#
#  SIGSEGV (0xb) at pc=0x000000011f4f5f95, pid=39245, tid=7171
#
# JRE version: Java(TM) SE Runtime Environment (8.0_73-b02) (build 1.8.0_73-b02)
# Java VM: Java HotSpot(TM) 64-Bit Server VM (25.73-b02 mixed mode bsd-amd64 compressed oops)
# Problematic frame:
# C  [libavformat.58.dylib+0xc3f95]  av_write_frame+0x1b5
#
# Failed to write core dump. Core dumps have been disabled. To enable core dumping, try "ulimit -c unlimited" before starting Java again
#
# If you would like to submit a bug report, please visit:
#   http://bugreport.java.com/bugreport/crash.jsp
# The crash happened outside the Java Virtual Machine in native code.
# See problematic frame for where to report the bug.
#

---------------  T H R E A D  ---------------

Current thread (0x00007ff211801800):  JavaThread "main" [_thread_in_native, id=7171, stack(0x0000700004104000,0x0000700004204000)]

siginfo: si_signo: 11 (SIGSEGV), si_code: 1 (SEGV_MAPERR), si_addr: 0x00000000000000c0

Registers:
RAX=0x0000000000000000, RBX=0x00007ff2119b3600, RCX=0x00007ff21068a220, RDX=0x0000000000000000
RSP=0x0000700004203770, RBP=0x0000700004203820, RSI=0x00007ff2104473d0, RDI=0x00007ff2119b3600
R8 =0x0000000000000004, R9 =0x0000000795a409e8, R10=0x0000000106e1e110, R11=0x000000011f4f5de0
R12=0x0000000000000000, R13=0x00007ff21068b140, R14=0x00007ff2119b3600, R15=0x00007ff2104473d0
RIP=0x000000011f4f5f95, EFLAGS=0x0000000000010202, ERR=0x0000000000000004
  TRAPNO=0x000000000000000e

Top of Stack: (sp=0x0000700004203770)
0x0000700004203770:   00007ff21068b480 00007ff2104473d0
0x0000700004203780:   0000000000000000 00000001062e2f58
0x0000700004203790:   00007ff2119b3600 00007ff211801800
0x00007000042037a0:   0000700004203820 000000011f4f5edb
0x00007000042037b0:   00000001062e2f60 0000700004203848
0x00007000042037c0:   0000700004203820 0000000106e7f954
0x00007000042037d0:   0000000106e8b823 0000000106e7f6a2
0x00007000042037e0:   00007000042037e0 00000001062e2f58
0x00007000042037f0:   0000700004203848 00000001062e7040
0x0000700004203800:   0000000000000000 00000001062e2f60
0x0000700004203810:   0000000000000000 0000700004203840
0x0000700004203820:   0000700004203890 0000000106e71690
0x0000700004203830:   0000000797603750 0000000106e79576
0x0000700004203840:   0000000795a409e8 000000079583d3f8
0x0000700004203850:   0000700004203850 00000001061f9ae1
0x0000700004203860:   00007000042038e8 00000001061f9be8
0x0000700004203870:   0000000000000000 00000001061f9b90
0x0000700004203880:   0000700004203840 00007000042038e8
0x0000700004203890:   0000700004203930 0000000106e71c4d
0x00007000042038a0:   0000000000000001 0000000795cd67f8
0x00007000042038b0:   0000000795a4ace0 0000000795a409e8
0x00007000042038c0:   000000079583d710 0000000000000000
0x00007000042038d0:   000000079583d428 000000079583d3f8
0x00007000042038e0:   00000007976189b0 00000007976189a0
0x00007000042038f0:   00007000042038f0 00000001061f92a1
0x0000700004203900:   0000700004203948 00000001061f9328
0x0000700004203910:   0000000000000000 00000001061f92d0
0x0000700004203920:   00007000042038e8 0000700004203948
0x0000700004203930:   00007000042039b0 0000000106e6a7a7
0x0000700004203940:   00000007976189a0 00000007976189e0
0x0000700004203950:   0000000100001fa0 000000000000000a
0x0000700004203960:   00007ff211801800 0000000000000001 

Instructions: (pc=0x000000011f4f5f95)
0x000000011f4f5f75:   00 00 20 75 0b 41 bc 01 00 00 00 e9 30 01 00 00
0x000000011f4f5f85:   48 8b 43 10 48 8b 4b 30 49 63 57 24 4c 8b 2c d1
0x000000011f4f5f95:   48 8b 80 c0 00 00 00 48 85 c0 74 0d 49 8b 8d f8
0x000000011f4f5fa5:   02 00 00 83 79 14 00 74 6c 49 8b 85 f8 02 00 00 

Register to memory mapping:

RAX=0x0000000000000000 is an unknown value
RBX=0x00007ff2119b3600 is an unknown value
RCX=0x00007ff21068a220 is an unknown value
RDX=0x0000000000000000 is an unknown value
RSP=0x0000700004203770 is pointing into the stack for thread: 0x00007ff211801800
RBP=0x0000700004203820 is pointing into the stack for thread: 0x00007ff211801800
RSI=0x00007ff2104473d0 is an unknown value
RDI=0x00007ff2119b3600 is an unknown value
R8 =0x0000000000000004 is an unknown value
R9 =0x0000000795a409e8 is an oop
org.bytedeco.ffmpeg.avcodec.AVPacket 
 - klass: 'org/bytedeco/ffmpeg/avcodec/AVPacket'
R10=0x0000000106e1e110 is an unknown value
R11=0x000000011f4f5de0: av_write_frame+0 in /Users/lee/.javacpp/cache/ffmpeg-4.1.3-1.5-macosx-x86_64.jar/org/bytedeco/ffmpeg/macosx-x86_64/libavformat.58.dylib at 0x000000011f432000
R12=0x0000000000000000 is an unknown value
R13=0x00007ff21068b140 is an unknown value
R14=0x00007ff2119b3600 is an unknown value
R15=0x00007ff2104473d0 is an unknown value


Stack: [0x0000700004104000,0x0000700004204000],  sp=0x0000700004203770,  free space=1021k
Native frames: (J=compiled Java code, j=interpreted, Vv=VM code, C=native code)
C  [libavformat.58.dylib+0xc3f95]  av_write_frame+0x1b5
j  Resample.resampleFromAudioDevice()V+185
j  Main.main([Ljava/lang/String;)V+9
v  ~StubRoutines::call_stub
V  [libjvm.dylib+0x2eae7a]
V  [libjvm.dylib+0x321bec]
V  [libjvm.dylib+0x31a966]
C  [java+0x393e]  JavaMain+0x9b1
C  [libsystem_pthread.dylib+0x393b]  _pthread_body+0xb4
C  [libsystem_pthread.dylib+0x3887]  _pthread_body+0x0
C  [libsystem_pthread.dylib+0x308d]  thread_start+0xd
C  0x0000000000000000

Java frames: (J=compiled Java code, j=interpreted, Vv=VM code)
j  org.bytedeco.ffmpeg.global.avformat.av_write_frame(Lorg/bytedeco/ffmpeg/avformat/AVFormatContext;Lorg/bytedeco/ffmpeg/avcodec/AVPacket;)I+0
j  Resample.resampleFromAudioDevice()V+185
j  Main.main([Ljava/lang/String;)V+9
v  ~StubRoutines::call_stub

---------------  P R O C E S S  ---------------

Java Threads: ( => current thread )
  0x00007ff21214f800 JavaThread "Attach Listener" daemon [_thread_blocked, id=19971, stack(0x0000700005031000,0x0000700005131000)]
  0x00007ff2120de800 JavaThread "JavaCPP Deallocator" daemon [_thread_blocked, id=19459, stack(0x0000700004f2e000,0x000070000502e000)]
  0x00007ff21204e800 JavaThread "Service Thread" daemon [_thread_blocked, id=18435, stack(0x0000700004d28000,0x0000700004e28000)]
  0x00007ff21184f000 JavaThread "C1 CompilerThread2" daemon [_thread_blocked, id=17923, stack(0x0000700004c25000,0x0000700004d25000)]
  0x00007ff211848800 JavaThread "C2 CompilerThread1" daemon [_thread_blocked, id=17411, stack(0x0000700004b22000,0x0000700004c22000)]
  0x00007ff21200b000 JavaThread "C2 CompilerThread0" daemon [_thread_blocked, id=16899, stack(0x0000700004a1f000,0x0000700004b1f000)]
  0x00007ff212008000 JavaThread "Signal Dispatcher" daemon [_thread_blocked, id=16387, stack(0x000070000491c000,0x0000700004a1c000)]
  0x00007ff211007000 JavaThread "Finalizer" daemon [_thread_blocked, id=12547, stack(0x0000700004819000,0x0000700004919000)]
  0x00007ff212000000 JavaThread "Reference Handler" daemon [_thread_blocked, id=12035, stack(0x0000700004716000,0x0000700004816000)]
=>0x00007ff211801800 JavaThread "main" [_thread_in_native, id=7171, stack(0x0000700004104000,0x0000700004204000)]

Other Threads:
  0x00007ff211830800 VMThread [stack: 0x0000700004613000,0x0000700004713000] [id=11523]
  0x00007ff211812000 WatcherThread [stack: 0x0000700004e2b000,0x0000700004f2b000] [id=18947]

VM state:not at safepoint (normal execution)

VM Mutex/Monitor currently owned by a thread: None

Heap:
 PSYoungGen      total 38400K, used 10024K [0x0000000795580000, 0x0000000798000000, 0x00000007c0000000)
  eden space 33280K, 24% used [0x0000000795580000,0x0000000795d4ff80,0x0000000797600000)
  from space 5120K, 39% used [0x0000000797600000,0x00000007977fa380,0x0000000797b00000)
  to   space 5120K, 0% used [0x0000000797b00000,0x0000000797b00000,0x0000000798000000)
 ParOldGen       total 87552K, used 8K [0x0000000740000000, 0x0000000745580000, 0x0000000795580000)
  object space 87552K, 0% used [0x0000000740000000,0x0000000740002000,0x0000000745580000)
 Metaspace       used 5702K, capacity 6054K, committed 6400K, reserved 1056768K
  class space    used 647K, capacity 657K, committed 768K, reserved 1048576K

Card table byte_map: [0x000000010534d000,0x000000010574e000] byte_map_base: 0x000000010194d000

Marking Bits: (ParMarkBitMap*) 0x00000001048e3ea0
 Begin Bits: [0x0000000115e6a000, 0x0000000117e6a000)
 End Bits:   [0x0000000117e6a000, 0x0000000119e6a000)

Polling page: 0x0000000103700000

CodeCache: size=245760Kb used=2541Kb max_used=2558Kb free=243219Kb
 bounds [0x0000000106e6a000, 0x00000001070fa000, 0x0000000115e6a000]
 total_blobs=844 nmethods=541 adapters=217
 compilation: enabled

Compilation events (10 events):
Event: 2.059 Thread 0x00007ff21184f000  538       3       java.lang.String::split (326 bytes)
Event: 2.061 Thread 0x00007ff21200b000  539   !   4       java.net.URL::<init> (543 bytes)
Event: 2.063 Thread 0x00007ff21184f000 nmethod 538 0x00000001070de790 code [0x00000001070dec00, 0x00000001070e1878]
Event: 2.063 Thread 0x00007ff21184f000  537       3       java.lang.String::split (7 bytes)
Event: 2.063 Thread 0x00007ff211848800  541       4       java.lang.CharacterDataLatin1::toUpperCase (53 bytes)
Event: 2.063 Thread 0x00007ff21184f000 nmethod 537 0x00000001070d9190 code [0x00000001070d9300, 0x00000001070d9508]
Event: 2.063 Thread 0x00007ff21184f000  540       3       java.nio.Bits::byteOrder (20 bytes)
Event: 2.063 Thread 0x00007ff21184f000 nmethod 540 0x00000001070d8e50 code [0x00000001070d8fc0, 0x00000001070d9110]
Event: 2.064 Thread 0x00007ff211848800 nmethod 541 0x00000001070d8b10 code [0x00000001070d8c60, 0x00000001070d8d58]
Event: 2.119 Thread 0x00007ff21200b000 nmethod 539 0x00000001070e8e50 code [0x00000001070e9180, 0x00000001070ea918]

GC Heap History (2 events):
Event: 1.568 GC heap before
{Heap before GC invocations=1 (full 0):
 PSYoungGen      total 38400K, used 33280K [0x0000000795580000, 0x0000000798000000, 0x00000007c0000000)
  eden space 33280K, 100% used [0x0000000795580000,0x0000000797600000,0x0000000797600000)
  from space 5120K, 0% used [0x0000000797b00000,0x0000000797b00000,0x0000000798000000)
  to   space 5120K, 0% used [0x0000000797600000,0x0000000797600000,0x0000000797b00000)
 ParOldGen       total 87552K, used 0K [0x0000000740000000, 0x0000000745580000, 0x0000000795580000)
  object space 87552K, 0% used [0x0000000740000000,0x0000000740000000,0x0000000745580000)
 Metaspace       used 5668K, capacity 6054K, committed 6400K, reserved 1056768K
  class space    used 646K, capacity 657K, committed 768K, reserved 1048576K
Event: 1.572 GC heap after
Heap after GC invocations=1 (full 0):
 PSYoungGen      total 38400K, used 2024K [0x0000000795580000, 0x0000000798000000, 0x00000007c0000000)
  eden space 33280K, 0% used [0x0000000795580000,0x0000000795580000,0x0000000797600000)
  from space 5120K, 39% used [0x0000000797600000,0x00000007977fa380,0x0000000797b00000)
  to   space 5120K, 0% used [0x0000000797b00000,0x0000000797b00000,0x0000000798000000)
 ParOldGen       total 87552K, used 8K [0x0000000740000000, 0x0000000745580000, 0x0000000795580000)
  object space 87552K, 0% used [0x0000000740000000,0x0000000740002000,0x0000000745580000)
 Metaspace       used 5668K, capacity 6054K, committed 6400K, reserved 1056768K
  class space    used 646K, capacity 657K, committed 768K, reserved 1048576K
}

Deoptimization events (0 events):
No events

Internal exceptions (10 events):
Event: 0.328 Thread 0x00007ff211801800 Exception <a 'java/security/PrivilegedActionException'> (0x0000000795793f70) thrown at [/HUDSON3/workspace/8-2-build-macosx-x86_64/jdk8u73/6086/hotspot/src/share/vm/prims/jvm.cpp, line 1386]
Event: 0.328 Thread 0x00007ff211801800 Exception <a 'java/security/PrivilegedActionException'> (0x0000000795794180) thrown at [/HUDSON3/workspace/8-2-build-macosx-x86_64/jdk8u73/6086/hotspot/src/share/vm/prims/jvm.cpp, line 1386]
Event: 0.329 Thread 0x00007ff211801800 Exception <a 'java/security/PrivilegedActionException'> (0x0000000795795008) thrown at [/HUDSON3/workspace/8-2-build-macosx-x86_64/jdk8u73/6086/hotspot/src/share/vm/prims/jvm.cpp, line 1386]
Event: 0.329 Thread 0x00007ff211801800 Exception <a 'java/security/PrivilegedActionException'> (0x0000000795795218) thrown at [/HUDSON3/workspace/8-2-build-macosx-x86_64/jdk8u73/6086/hotspot/src/share/vm/prims/jvm.cpp, line 1386]
Event: 0.333 Thread 0x00007ff211801800 Exception <a 'java/security/PrivilegedActionException'> (0x00000007957aa970) thrown at [/HUDSON3/workspace/8-2-build-macosx-x86_64/jdk8u73/6086/hotspot/src/share/vm/prims/jvm.cpp, line 1386]
Event: 0.333 Thread 0x00007ff211801800 Exception <a 'java/security/PrivilegedActionException'> (0x00000007957aad68) thrown at [/HUDSON3/workspace/8-2-build-macosx-x86_64/jdk8u73/6086/hotspot/src/share/vm/prims/jvm.cpp, line 1386]
Event: 0.353 Thread 0x00007ff211801800 Exception <a 'java/security/PrivilegedActionException'> (0x00000007957fe458) thrown at [/HUDSON3/workspace/8-2-build-macosx-x86_64/jdk8u73/6086/hotspot/src/share/vm/prims/jvm.cpp, line 1386]
Event: 0.353 Thread 0x00007ff211801800 Exception <a 'java/security/PrivilegedActionException'> (0x00000007957fe668) thrown at [/HUDSON3/workspace/8-2-build-macosx-x86_64/jdk8u73/6086/hotspot/src/share/vm/prims/jvm.cpp, line 1386]
Event: 0.355 Thread 0x00007ff211801800 Exception <a 'java/security/PrivilegedActionException'> (0x0000000795801908) thrown at [/HUDSON3/workspace/8-2-build-macosx-x86_64/jdk8u73/6086/hotspot/src/share/vm/prims/jvm.cpp, line 1386]
Event: 0.355 Thread 0x00007ff211801800 Exception <a 'java/security/PrivilegedActionException'> (0x0000000795801b18) thrown at [/HUDSON3/workspace/8-2-build-macosx-x86_64/jdk8u73/6086/hotspot/src/share/vm/prims/jvm.cpp, line 1386]

Events (10 events):
Event: 1.441 loading class org/bytedeco/ffmpeg/avdevice/AVDeviceRect
Event: 1.441 loading class org/bytedeco/ffmpeg/avdevice/AVDeviceRect done
Event: 1.568 Executing VM operation: ParallelGCFailedAllocation
Event: 1.572 Executing VM operation: ParallelGCFailedAllocation done
Event: 2.047 loading class org/bytedeco/javacpp/PointerScope
Event: 2.047 loading class org/bytedeco/javacpp/PointerScope done
Event: 2.049 loading class org/bytedeco/javacpp/PointerScope$1
Event: 2.049 loading class org/bytedeco/javacpp/PointerScope$1 done
Event: 2.049 Executing VM operation: Deoptimize
Event: 2.049 Executing VM operation: Deoptimize done


Dynamic libraries:
0x000000000bcbf000 	/System/Library/Frameworks/Cocoa.framework/Versions/A/Cocoa
0x000000000bcbf000 	/System/Library/Frameworks/Security.framework/Versions/A/Security
0x000000000bcbf000 	/System/Library/Frameworks/ApplicationServices.framework/Versions/A/ApplicationServices
0x000000000bcbf000 	/usr/lib/libz.1.dylib
0x000000000bcbf000 	/usr/lib/libSystem.B.dylib
0x000000000bcbf000 	/usr/lib/libobjc.A.dylib
0x000000000bcbf000 	/System/Library/Frameworks/CoreFoundation.framework/Versions/A/CoreFoundation
0x000000000bcbf000 	/System/Library/Frameworks/Foundation.framework/Versions/C/Foundation
0x000000000bcbf000 	/System/Library/Frameworks/AppKit.framework/Versions/C/AppKit
0x000000000bcbf000 	/System/Library/Frameworks/CoreData.framework/Versions/A/CoreData
0x000000000bcbf000 	/System/Library/PrivateFrameworks/RemoteViewServices.framework/Versions/A/RemoteViewServices
0x000000000bcbf000 	/System/Library/PrivateFrameworks/UIFoundation.framework/Versions/A/UIFoundation
0x000000000bcbf000 	/System/Library/PrivateFrameworks/DFRFoundation.framework/Versions/A/DFRFoundation
0x000000000bcbf000 	/usr/lib/libenergytrace.dylib
0x000000000bcbf000 	/System/Library/PrivateFrameworks/SkyLight.framework/Versions/A/SkyLight
0x000000000bcbf000 	/System/Library/Frameworks/CoreGraphics.framework/Versions/A/CoreGraphics
0x000000000bcbf000 	/usr/lib/libScreenReader.dylib
0x000000000bcbf000 	/System/Library/Frameworks/Accelerate.framework/Versions/A/Accelerate
0x000000000bcbf000 	/System/Library/Frameworks/IOSurface.framework/Versions/A/IOSurface
0x000000000bcbf000 	/System/Library/Frameworks/AudioToolbox.framework/Versions/A/AudioToolbox
0x000000000bcbf000 	/System/Library/Frameworks/AudioUnit.framework/Versions/A/AudioUnit
0x000000000bcbf000 	/System/Library/PrivateFrameworks/DataDetectorsCore.framework/Versions/A/DataDetectorsCore
0x000000000bcbf000 	/System/Library/PrivateFrameworks/DesktopServicesPriv.framework/Versions/A/DesktopServicesPriv
0x000000000bcbf000 	/System/Library/Frameworks/Carbon.framework/Versions/A/Frameworks/HIToolbox.framework/Versions/A/HIToolbox
0x000000000bcbf000 	/usr/lib/libicucore.A.dylib
0x000000000bcbf000 	/System/Library/Frameworks/QuartzCore.framework/Versions/A/QuartzCore
0x000000000bcbf000 	/System/Library/Frameworks/Carbon.framework/Versions/A/Frameworks/SpeechRecognition.framework/Versions/A/SpeechRecognition
0x000000000bcbf000 	/usr/lib/libauto.dylib
0x000000000bcbf000 	/usr/lib/libxml2.2.dylib
0x000000000bcbf000 	/System/Library/PrivateFrameworks/CoreUI.framework/Versions/A/CoreUI
0x000000000bcbf000 	/System/Library/Frameworks/CoreAudio.framework/Versions/A/CoreAudio
0x000000000bcbf000 	/System/Library/Frameworks/DiskArbitration.framework/Versions/A/DiskArbitration
0x000000000bcbf000 	/usr/lib/liblangid.dylib
0x000000000bcbf000 	/System/Library/PrivateFrameworks/MultitouchSupport.framework/Versions/A/MultitouchSupport
0x000000000bcbf000 	/System/Library/Frameworks/IOKit.framework/Versions/A/IOKit
0x000000000bcbf000 	/usr/lib/libDiagnosticMessagesClient.dylib
0x000000000bcbf000 	/System/Library/Frameworks/CoreServices.framework/Versions/A/CoreServices
0x000000000bcbf000 	/System/Library/PrivateFrameworks/PerformanceAnalysis.framework/Versions/A/PerformanceAnalysis
0x000000000bcbf000 	/System/Library/PrivateFrameworks/GenerationalStorage.framework/Versions/A/GenerationalStorage
0x000000000bcbf000 	/System/Library/Frameworks/OpenGL.framework/Versions/A/OpenGL
0x000000000bcbf000 	/System/Library/Frameworks/CoreImage.framework/Versions/A/CoreImage
0x000000000bcbf000 	/System/Library/Frameworks/CoreText.framework/Versions/A/CoreText
0x000000000bcbf000 	/System/Library/Frameworks/ImageIO.framework/Versions/A/ImageIO
0x000000000bcbf000 	/System/Library/PrivateFrameworks/Backup.framework/Versions/A/Backup
0x000000000bcbf000 	/usr/lib/libarchive.2.dylib
0x000000000bcbf000 	/System/Library/Frameworks/CFNetwork.framework/Versions/A/CFNetwork
0x000000000bcbf000 	/System/Library/Frameworks/SystemConfiguration.framework/Versions/A/SystemConfiguration
0x000000000bcbf000 	/usr/lib/libCRFSuite.dylib
0x000000000bcbf000 	/usr/lib/libc++.1.dylib
0x000000000bcbf000 	/usr/lib/libc++abi.dylib
0x000000000bcbf000 	/usr/lib/system/libcache.dylib
0x000000000bcbf000 	/usr/lib/system/libcommonCrypto.dylib
0x000000000bcbf000 	/usr/lib/system/libcompiler_rt.dylib
0x000000000bcbf000 	/usr/lib/system/libcopyfile.dylib
0x000000000bcbf000 	/usr/lib/system/libcorecrypto.dylib
0x000000000bcbf000 	/usr/lib/system/libdispatch.dylib
0x000000000bcbf000 	/usr/lib/system/libdyld.dylib
0x000000000bcbf000 	/usr/lib/system/libkeymgr.dylib
0x000000000bcbf000 	/usr/lib/system/liblaunch.dylib
0x000000000bcbf000 	/usr/lib/system/libmacho.dylib
0x000000000bcbf000 	/usr/lib/system/libquarantine.dylib
0x000000000bcbf000 	/usr/lib/system/libremovefile.dylib
0x000000000bcbf000 	/usr/lib/system/libsystem_asl.dylib
0x000000000bcbf000 	/usr/lib/system/libsystem_blocks.dylib
0x000000000bcbf000 	/usr/lib/system/libsystem_c.dylib
0x000000000bcbf000 	/usr/lib/system/libsystem_configuration.dylib
0x000000000bcbf000 	/usr/lib/system/libsystem_coreservices.dylib
0x000000000bcbf000 	/usr/lib/system/libsystem_coretls.dylib
0x000000000bcbf000 	/usr/lib/system/libsystem_dnssd.dylib
0x000000000bcbf000 	/usr/lib/system/libsystem_info.dylib
0x000000000bcbf000 	/usr/lib/system/libsystem_kernel.dylib
0x000000000bcbf000 	/usr/lib/system/libsystem_m.dylib
0x000000000bcbf000 	/usr/lib/system/libsystem_malloc.dylib
0x000000000bcbf000 	/usr/lib/system/libsystem_network.dylib
0x000000000bcbf000 	/usr/lib/system/libsystem_networkextension.dylib
0x000000000bcbf000 	/usr/lib/system/libsystem_notify.dylib
0x000000000bcbf000 	/usr/lib/system/libsystem_platform.dylib
0x000000000bcbf000 	/usr/lib/system/libsystem_pthread.dylib
0x000000000bcbf000 	/usr/lib/system/libsystem_sandbox.dylib
0x000000000bcbf000 	/usr/lib/system/libsystem_secinit.dylib
0x000000000bcbf000 	/usr/lib/system/libsystem_symptoms.dylib
0x000000000bcbf000 	/usr/lib/system/libsystem_trace.dylib
0x000000000bcbf000 	/usr/lib/system/libunwind.dylib
0x000000000bcbf000 	/usr/lib/system/libxpc.dylib
0x000000000bcbf000 	/usr/lib/libbsm.0.dylib
0x000000000bcbf000 	/usr/lib/system/libkxld.dylib
0x000000000bcbf000 	/usr/lib/libcoretls.dylib
0x000000000bcbf000 	/usr/lib/libcoretls_cfhelpers.dylib
0x000000000bcbf000 	/usr/lib/libOpenScriptingUtil.dylib
0x000000000bcbf000 	/usr/lib/libpam.2.dylib
0x000000000bcbf000 	/usr/lib/libsqlite3.dylib
0x000000000bcbf000 	/usr/lib/libxar.1.dylib
0x000000000bcbf000 	/usr/lib/libbz2.1.0.dylib
0x000000000bcbf000 	/usr/lib/liblzma.5.dylib
0x000000000bcbf000 	/usr/lib/libnetwork.dylib
0x000000000bcbf000 	/usr/lib/libpcap.A.dylib
0x000000000bcbf000 	/System/Library/Frameworks/CoreServices.framework/Versions/A/Frameworks/FSEvents.framework/Versions/A/FSEvents
0x000000000bcbf000 	/System/Library/Frameworks/CoreServices.framework/Versions/A/Frameworks/CarbonCore.framework/Versions/A/CarbonCore
0x000000000bcbf000 	/System/Library/Frameworks/CoreServices.framework/Versions/A/Frameworks/Metadata.framework/Versions/A/Metadata
0x000000000bcbf000 	/System/Library/Frameworks/CoreServices.framework/Versions/A/Frameworks/OSServices.framework/Versions/A/OSServices
0x000000000bcbf000 	/System/Library/Frameworks/CoreServices.framework/Versions/A/Frameworks/SearchKit.framework/Versions/A/SearchKit
0x000000000bcbf000 	/System/Library/Frameworks/CoreServices.framework/Versions/A/Frameworks/AE.framework/Versions/A/AE
0x000000000bcbf000 	/System/Library/Frameworks/CoreServices.framework/Versions/A/Frameworks/LaunchServices.framework/Versions/A/LaunchServices
0x000000000bcbf000 	/System/Library/Frameworks/CoreServices.framework/Versions/A/Frameworks/DictionaryServices.framework/Versions/A/DictionaryServices
0x000000000bcbf000 	/System/Library/Frameworks/CoreServices.framework/Versions/A/Frameworks/SharedFileList.framework/Versions/A/SharedFileList
0x000000000bcbf000 	/System/Library/Frameworks/NetFS.framework/Versions/A/NetFS
0x000000000bcbf000 	/System/Library/PrivateFrameworks/NetAuth.framework/Versions/A/NetAuth
0x000000000bcbf000 	/System/Library/PrivateFrameworks/login.framework/Versions/A/Frameworks/loginsupport.framework/Versions/A/loginsupport
0x000000000bcbf000 	/System/Library/PrivateFrameworks/TCC.framework/Versions/A/TCC
0x000000000bcbf000 	/usr/lib/libmecabra.dylib
0x000000000bcbf000 	/System/Library/Frameworks/ApplicationServices.framework/Versions/A/Frameworks/ATS.framework/Versions/A/ATS
0x000000000bcbf000 	/System/Library/Frameworks/ApplicationServices.framework/Versions/A/Frameworks/ColorSync.framework/Versions/A/ColorSync
0x000000000bcbf000 	/System/Library/Frameworks/ApplicationServices.framework/Versions/A/Frameworks/HIServices.framework/Versions/A/HIServices
0x000000000bcbf000 	/System/Library/Frameworks/ApplicationServices.framework/Versions/A/Frameworks/LangAnalysis.framework/Versions/A/LangAnalysis
0x000000000bcbf000 	/System/Library/Frameworks/ApplicationServices.framework/Versions/A/Frameworks/PrintCore.framework/Versions/A/PrintCore
0x000000000bcbf000 	/System/Library/Frameworks/ApplicationServices.framework/Versions/A/Frameworks/QD.framework/Versions/A/QD
0x000000000bcbf000 	/System/Library/Frameworks/ApplicationServices.framework/Versions/A/Frameworks/SpeechSynthesis.framework/Versions/A/SpeechSynthesis
0x000000000bcbf000 	/System/Library/Frameworks/Accelerate.framework/Versions/A/Frameworks/vImage.framework/Versions/A/vImage
0x000000000bcbf000 	/System/Library/Frameworks/Accelerate.framework/Versions/A/Frameworks/vecLib.framework/Versions/A/vecLib
0x000000000bcbf000 	/System/Library/Frameworks/Accelerate.framework/Versions/A/Frameworks/vecLib.framework/Versions/A/libvDSP.dylib
0x000000000bcbf000 	/System/Library/Frameworks/Accelerate.framework/Versions/A/Frameworks/vecLib.framework/Versions/A/libBNNS.dylib
0x000000000bcbf000 	/System/Library/Frameworks/Accelerate.framework/Versions/A/Frameworks/vecLib.framework/Versions/A/libQuadrature.dylib
0x000000000bcbf000 	/System/Library/Frameworks/Accelerate.framework/Versions/A/Frameworks/vecLib.framework/Versions/A/libvMisc.dylib
0x000000000bcbf000 	/System/Library/Frameworks/Accelerate.framework/Versions/A/Frameworks/vecLib.framework/Versions/A/libLAPACK.dylib
0x000000000bcbf000 	/System/Library/Frameworks/Accelerate.framework/Versions/A/Frameworks/vecLib.framework/Versions/A/libBLAS.dylib
0x000000000bcbf000 	/System/Library/Frameworks/Accelerate.framework/Versions/A/Frameworks/vecLib.framework/Versions/A/libLinearAlgebra.dylib
0x000000000bcbf000 	/System/Library/Frameworks/Accelerate.framework/Versions/A/Frameworks/vecLib.framework/Versions/A/libSparseBLAS.dylib
0x000000000bcbf000 	/System/Library/Frameworks/ApplicationServices.framework/Versions/A/Frameworks/ATS.framework/Versions/A/Resources/libFontParser.dylib
0x000000000bcbf000 	/System/Library/Frameworks/ApplicationServices.framework/Versions/A/Frameworks/ATS.framework/Versions/A/Resources/libFontRegistry.dylib
0x000000000bcbf000 	/System/Library/Frameworks/ImageIO.framework/Versions/A/Resources/libJPEG.dylib
0x000000000bcbf000 	/System/Library/Frameworks/ImageIO.framework/Versions/A/Resources/libTIFF.dylib
0x000000000bcbf000 	/System/Library/Frameworks/ImageIO.framework/Versions/A/Resources/libPng.dylib
0x000000000bcbf000 	/System/Library/Frameworks/ImageIO.framework/Versions/A/Resources/libGIF.dylib
0x000000000bcbf000 	/System/Library/Frameworks/ImageIO.framework/Versions/A/Resources/libJP2.dylib
0x000000000bcbf000 	/System/Library/Frameworks/ImageIO.framework/Versions/A/Resources/libRadiance.dylib
0x000000000bcbf000 	/usr/lib/libcompression.dylib
0x000000000bcbf000 	/System/Library/PrivateFrameworks/AppleJPEG.framework/Versions/A/AppleJPEG
0x000000000bcbf000 	/usr/lib/libcups.2.dylib
0x000000000bcbf000 	/System/Library/Frameworks/Kerberos.framework/Versions/A/Kerberos
0x000000000bcbf000 	/System/Library/Frameworks/GSS.framework/Versions/A/GSS
0x000000000bcbf000 	/usr/lib/libresolv.9.dylib
0x000000000bcbf000 	/usr/lib/libiconv.2.dylib
0x000000000bcbf000 	/System/Library/PrivateFrameworks/Heimdal.framework/Versions/A/Heimdal
0x000000000bcbf000 	/usr/lib/libheimdal-asn1.dylib
0x000000000bcbf000 	/System/Library/Frameworks/OpenDirectory.framework/Versions/A/OpenDirectory
0x000000000bcbf000 	/System/Library/PrivateFrameworks/CommonAuth.framework/Versions/A/CommonAuth
0x000000000bcbf000 	/System/Library/Frameworks/OpenDirectory.framework/Versions/A/Frameworks/CFOpenDirectory.framework/Versions/A/CFOpenDirectory
0x000000000bcbf000 	/System/Library/Frameworks/SecurityFoundation.framework/Versions/A/SecurityFoundation
0x000000000bcbf000 	/System/Library/PrivateFrameworks/LanguageModeling.framework/Versions/A/LanguageModeling
0x000000000bcbf000 	/usr/lib/libmarisa.dylib
0x000000000bcbf000 	/usr/lib/libChineseTokenizer.dylib
0x000000000bcbf000 	/usr/lib/libcmph.dylib
0x000000000bcbf000 	/System/Library/PrivateFrameworks/CoreEmoji.framework/Versions/A/CoreEmoji
0x000000000bcbf000 	/System/Library/Frameworks/ServiceManagement.framework/Versions/A/ServiceManagement
0x000000000bcbf000 	/usr/lib/libxslt.1.dylib
0x000000000bcbf000 	/System/Library/Frameworks/Carbon.framework/Versions/A/Frameworks/Ink.framework/Versions/A/Ink
0x000000000bcbf000 	/System/Library/PrivateFrameworks/TextureIO.framework/Versions/A/TextureIO
0x000000000bcbf000 	/System/Library/Frameworks/Metal.framework/Versions/A/Metal
0x000000000bcbf000 	/usr/lib/libate.dylib
0x000000000bcbf000 	/System/Library/PrivateFrameworks/GPUCompiler.framework/libmetal_timestamp.dylib
0x000000000bcbf000 	/System/Library/Frameworks/OpenGL.framework/Versions/A/Libraries/libCoreFSCache.dylib
0x000000000bcbf000 	/System/Library/PrivateFrameworks/IOAccelerator.framework/Versions/A/IOAccelerator
0x000000000bcbf000 	/System/Library/Frameworks/CoreVideo.framework/Versions/A/CoreVideo
0x000000000bcbf000 	/usr/lib/libFosl_dynamic.dylib
0x000000000bcbf000 	/System/Library/PrivateFrameworks/MetalPerformanceShaders.framework/Versions/A/MetalPerformanceShaders
0x000000000bcbf000 	/System/Library/PrivateFrameworks/FaceCore.framework/Versions/A/FaceCore
0x000000000bcbf000 	/System/Library/Frameworks/OpenCL.framework/Versions/A/OpenCL
0x000000000bcbf000 	/System/Library/Frameworks/OpenGL.framework/Versions/A/Libraries/libGLU.dylib
0x000000000bcbf000 	/System/Library/Frameworks/OpenGL.framework/Versions/A/Libraries/libGFXShared.dylib
0x000000000bcbf000 	/System/Library/Frameworks/OpenGL.framework/Versions/A/Libraries/libGL.dylib
0x000000000bcbf000 	/System/Library/Frameworks/OpenGL.framework/Versions/A/Libraries/libGLImage.dylib
0x000000000bcbf000 	/System/Library/Frameworks/OpenGL.framework/Versions/A/Libraries/libCVMSPluginSupport.dylib
0x000000000bcbf000 	/System/Library/Frameworks/OpenGL.framework/Versions/A/Libraries/libCoreVMClient.dylib
0x000000000bcbf000 	/System/Library/PrivateFrameworks/CrashReporterSupport.framework/Versions/A/CrashReporterSupport
0x000000000bcbf000 	/System/Library/PrivateFrameworks/Sharing.framework/Versions/A/Sharing
0x000000000bcbf000 	/System/Library/PrivateFrameworks/IconServices.framework/Versions/A/IconServices
0x000000000bcbf000 	/System/Library/PrivateFrameworks/ProtocolBuffer.framework/Versions/A/ProtocolBuffer
0x000000000bcbf000 	/System/Library/PrivateFrameworks/Apple80211.framework/Versions/A/Apple80211
0x000000000bcbf000 	/System/Library/Frameworks/CoreWLAN.framework/Versions/A/CoreWLAN
0x000000000bcbf000 	/System/Library/PrivateFrameworks/CoreUtils.framework/Versions/A/CoreUtils
0x000000000bcbf000 	/System/Library/Frameworks/IOBluetooth.framework/Versions/A/IOBluetooth
0x000000000bcbf000 	/System/Library/PrivateFrameworks/CoreWiFi.framework/Versions/A/CoreWiFi
0x000000000bcbf000 	/System/Library/Frameworks/CoreBluetooth.framework/Versions/A/CoreBluetooth
0x000000000bcbf000 	/System/Library/Frameworks/CoreDisplay.framework/Versions/A/CoreDisplay
0x000000000bcbf000 	/System/Library/PrivateFrameworks/IOPresentment.framework/Versions/A/IOPresentment
0x000000000bcbf000 	/System/Library/PrivateFrameworks/DSExternalDisplay.framework/Versions/A/DSExternalDisplay
0x000000000bcbf000 	/System/Library/PrivateFrameworks/DebugSymbols.framework/Versions/A/DebugSymbols
0x000000000bcbf000 	/System/Library/PrivateFrameworks/CoreSymbolication.framework/Versions/A/CoreSymbolication
0x000000000bcbf000 	/System/Library/PrivateFrameworks/Symbolication.framework/Versions/A/Symbolication
0x000000000bcbf000 	/System/Library/PrivateFrameworks/AppleFSCompression.framework/Versions/A/AppleFSCompression
0x000000000bcbf000 	/System/Library/PrivateFrameworks/SpeechRecognitionCore.framework/Versions/A/SpeechRecognitionCore
0x000000000bcbf000 	/System/Library/PrivateFrameworks/ChunkingLibrary.framework/Versions/A/ChunkingLibrary
0x0000000103679000 	/System/Library/CoreServices/Encodings/libSimplifiedChineseConverter.dylib
0x0000000104000000 	/Library/Java/JavaVirtualMachines/jdk1.8.0_73.jdk/Contents/Home/jre/lib/server/libjvm.dylib
0x000000000bcbf000 	/usr/lib/libstdc++.6.dylib
0x00000001036bd000 	/Library/Java/JavaVirtualMachines/jdk1.8.0_73.jdk/Contents/Home/jre/lib/libverify.dylib
0x00000001036cb000 	/Library/Java/JavaVirtualMachines/jdk1.8.0_73.jdk/Contents/Home/jre/lib/libjava.dylib
0x000000010370a000 	/Library/Java/JavaVirtualMachines/jdk1.8.0_73.jdk/Contents/Home/jre/lib/libzip.dylib
0x0000000106dc4000 	/System/Library/Frameworks/JavaVM.framework/Frameworks/JavaRuntimeSupport.framework/JavaRuntimeSupport
0x000000011a8aa000 	/System/Library/Frameworks/JavaVM.framework/Versions/A/Frameworks/JavaNativeFoundation.framework/Versions/A/JavaNativeFoundation
0x000000011a8bf000 	/System/Library/Frameworks/JavaVM.framework/Versions/A/JavaVM
0x000000000bcbf000 	/System/Library/Frameworks/Carbon.framework/Versions/A/Carbon
0x000000011a8cc000 	/System/Library/PrivateFrameworks/JavaLaunching.framework/Versions/A/JavaLaunching
0x000000000bcbf000 	/System/Library/Frameworks/Carbon.framework/Versions/A/Frameworks/CommonPanels.framework/Versions/A/CommonPanels
0x000000000bcbf000 	/System/Library/Frameworks/Carbon.framework/Versions/A/Frameworks/Help.framework/Versions/A/Help
0x000000000bcbf000 	/System/Library/Frameworks/Carbon.framework/Versions/A/Frameworks/ImageCapture.framework/Versions/A/ImageCapture
0x000000000bcbf000 	/System/Library/Frameworks/Carbon.framework/Versions/A/Frameworks/OpenScripting.framework/Versions/A/OpenScripting
0x000000000bcbf000 	/System/Library/Frameworks/Carbon.framework/Versions/A/Frameworks/Print.framework/Versions/A/Print
0x000000000bcbf000 	/System/Library/Frameworks/Carbon.framework/Versions/A/Frameworks/SecurityHI.framework/Versions/A/SecurityHI
0x000000011c31a000 	/Users/lee/.javacpp/cache/ffmpeg-4.1.3-1.5-macosx-x86_64.jar/org/bytedeco/ffmpeg/macosx-x86_64/libavutil.56.dylib
0x000000000bcbf000 	/System/Library/Frameworks/VideoToolbox.framework/Versions/A/VideoToolbox
0x000000000bcbf000 	/System/Library/Frameworks/CoreMedia.framework/Versions/A/CoreMedia
0x000000000bcbf000 	/System/Library/PrivateFrameworks/AppleVA.framework/Versions/A/AppleVA
0x000000000bcbf000 	/usr/lib/libspindump.dylib
0x000000000bcbf000 	/usr/lib/libdscsym.dylib
0x000000011c384000 	/Library/Java/JavaVirtualMachines/jdk1.8.0_73.jdk/Contents/Home/jre/lib/libnio.dylib
0x000000011c394000 	/Library/Java/JavaVirtualMachines/jdk1.8.0_73.jdk/Contents/Home/jre/lib/./libnet.dylib
0x000000011c3f3000 	/Users/lee/.javacpp/cache/ffmpeg-4.1.3-1.5-macosx-x86_64.jar/org/bytedeco/ffmpeg/macosx-x86_64/libjniavutil.dylib
0x000000011c6a0000 	/Users/lee/.javacpp/cache/ffmpeg-4.1.3-1.5-macosx-x86_64.jar/org/bytedeco/ffmpeg/macosx-x86_64/libswresample.3.dylib
0x000000011c6be000 	/Users/lee/.javacpp/cache/ffmpeg-4.1.3-1.5-macosx-x86_64.jar/org/bytedeco/ffmpeg/macosx-x86_64/libjniswresample.dylib
0x000000011c6ce000 	/Users/lee/.javacpp/cache/ffmpeg-4.1.3-1.5-macosx-x86_64.jar/org/bytedeco/ffmpeg/macosx-x86_64/libavcodec.58.dylib
0x000000011f1d7000 	/Users/lee/.javacpp/cache/ffmpeg-4.1.3-1.5-macosx-x86_64.jar/org/bytedeco/ffmpeg/macosx-x86_64/libjniavcodec.dylib
0x000000011f432000 	/Users/lee/.javacpp/cache/ffmpeg-4.1.3-1.5-macosx-x86_64.jar/org/bytedeco/ffmpeg/macosx-x86_64/libavformat.58.dylib
0x000000011f888000 	/Users/lee/.javacpp/cache/ffmpeg-4.1.3-1.5-macosx-x86_64.jar/org/bytedeco/ffmpeg/macosx-x86_64/libjniavformat.dylib
0x000000011fad0000 	/Users/lee/.javacpp/cache/ffmpeg-4.1.3-1.5-macosx-x86_64.jar/org/bytedeco/ffmpeg/macosx-x86_64/libpostproc.55.dylib
0x000000011fb86000 	/Users/lee/.javacpp/cache/ffmpeg-4.1.3-1.5-macosx-x86_64.jar/org/bytedeco/ffmpeg/macosx-x86_64/libjnipostproc.dylib
0x000000011fc37000 	/Users/lee/.javacpp/cache/ffmpeg-4.1.3-1.5-macosx-x86_64.jar/org/bytedeco/ffmpeg/macosx-x86_64/libswscale.5.dylib
0x000000011c536000 	/Users/lee/.javacpp/cache/ffmpeg-4.1.3-1.5-macosx-x86_64.jar/org/bytedeco/ffmpeg/macosx-x86_64/libjniswscale.dylib
0x000000011fcd5000 	/Users/lee/.javacpp/cache/ffmpeg-4.1.3-1.5-macosx-x86_64.jar/org/bytedeco/ffmpeg/macosx-x86_64/libavfilter.7.dylib
0x0000000120006000 	/Users/lee/.javacpp/cache/ffmpeg-4.1.3-1.5-macosx-x86_64.jar/org/bytedeco/ffmpeg/macosx-x86_64/libjniavfilter.dylib
0x000000011c58b000 	/Users/lee/.javacpp/cache/ffmpeg-4.1.3-1.5-macosx-x86_64.jar/org/bytedeco/ffmpeg/macosx-x86_64/libavdevice.58.dylib
0x000000000bcbf000 	/System/Library/Frameworks/AVFoundation.framework/Versions/A/AVFoundation
0x000000000bcbf000 	/System/Library/Frameworks/AVFoundation.framework/Versions/A/Frameworks/AVFAudio.framework/Versions/A/AVFAudio
0x000000000bcbf000 	/System/Library/Frameworks/MediaToolbox.framework/Versions/A/MediaToolbox
0x000000000bcbf000 	/System/Library/PrivateFrameworks/IntlPreferences.framework/Versions/A/IntlPreferences
0x000000000bcbf000 	/System/Library/Frameworks/CoreMediaIO.framework/Versions/A/CoreMediaIO
0x000000000bcbf000 	/System/Library/PrivateFrameworks/CoreAVCHD.framework/Versions/A/CoreAVCHD
0x000000000bcbf000 	/System/Library/Frameworks/MediaAccessibility.framework/Versions/A/MediaAccessibility
0x000000000bcbf000 	/System/Library/PrivateFrameworks/Mangrove.framework/Versions/A/Mangrove
0x000000000bcbf000 	/System/Library/PrivateFrameworks/CoreAUC.framework/Versions/A/CoreAUC
0x000000000bcbf000 	/System/Library/PrivateFrameworks/XPCService.framework/Versions/A/XPCService
0x000000000bcbf000 	/System/Library/PrivateFrameworks/AppSandbox.framework/Versions/A/AppSandbox
0x000000000bcbf000 	/usr/lib/libsandbox.1.dylib
0x000000000bcbf000 	/System/Library/PrivateFrameworks/AppContainer.framework/Versions/A/AppContainer
0x000000000bcbf000 	/System/Library/PrivateFrameworks/SecCodeWrapper.framework/Versions/A/SecCodeWrapper
0x000000000bcbf000 	/usr/lib/libMatch.1.dylib
0x000000011c59a000 	/Users/lee/.javacpp/cache/ffmpeg-4.1.3-1.5-macosx-x86_64.jar/org/bytedeco/ffmpeg/macosx-x86_64/libjniavdevice.dylib
0x000000011c54f000 	/System/Library/Extensions/AppleHDA.kext/Contents/PlugIns/AppleHDAHALPlugIn.bundle/Contents/MacOS/AppleHDAHALPlugIn
0x0000000120065000 	/Library/CoreMediaIO/Plug-Ins/DAL/AppleCamera.plugin/Contents/MacOS/AppleCamera
0x000000012008f000 	/System/Library/Frameworks/CoreMediaIO.framework/Resources/VDC.plugin/Contents/MacOS/VDC
0x00000001200c3000 	/System/Library/Frameworks/CoreMediaIO.framework/Resources/CMIOUnits.bundle/Contents/MacOS/CMIOUnits
0x0000000120250000 	/System/Library/PrivateFrameworks/FWAVC.framework/Versions/A/FWAVC
0x0000000120295000 	/System/Library/Components/CoreAudio.component/Contents/MacOS/CoreAudio
0x000000000bcbf000 	/System/Library/PrivateFrameworks/CoreServicesInternal.framework/Versions/A/CoreServicesInternal

VM Arguments:
jvm_args: -Dfile.encoding=UTF-8 
java_command: Main
java_class_path (initial): /Library/Java/JavaVirtualMachines/jdk1.8.0_73.jdk/Contents/Home/jre/lib/charsets.jar:/Library/Java/JavaVirtualMachines/jdk1.8.0_73.jdk/Contents/Home/jre/lib/deploy.jar:/Library/Java/JavaVirtualMachines/jdk1.8.0_73.jdk/Contents/Home/jre/lib/ext/cldrdata.jar:/Library/Java/JavaVirtualMachines/jdk1.8.0_73.jdk/Contents/Home/jre/lib/ext/dnsns.jar:/Library/Java/JavaVirtualMachines/jdk1.8.0_73.jdk/Contents/Home/jre/lib/ext/jaccess.jar:/Library/Java/JavaVirtualMachines/jdk1.8.0_73.jdk/Contents/Home/jre/lib/ext/jfxrt.jar:/Library/Java/JavaVirtualMachines/jdk1.8.0_73.jdk/Contents/Home/jre/lib/ext/localedata.jar:/Library/Java/JavaVirtualMachines/jdk1.8.0_73.jdk/Contents/Home/jre/lib/ext/nashorn.jar:/Library/Java/JavaVirtualMachines/jdk1.8.0_73.jdk/Contents/Home/jre/lib/ext/sunec.jar:/Library/Java/JavaVirtualMachines/jdk1.8.0_73.jdk/Contents/Home/jre/lib/ext/sunjce_provider.jar:/Library/Java/JavaVirtualMachines/jdk1.8.0_73.jdk/Contents/Home/jre/lib/ext/sunpkcs11.jar:/Library/Java/JavaVirtualMachines/jdk1.8.0_73.jdk/Contents/Home/jre/lib/ext/zipfs.jar:/Library/Java/JavaVirtualMachines/jdk1.8.0_73.jdk/Contents/Home/jre/lib/javaws.jar:/Library/Java/JavaVirtualMachines/jdk1.8.0_73.jdk/Contents/Home/jre/lib/jce.jar:/Library/Java/JavaVirtualMachines/jdk1.8.0_73.jdk/Contents/Home/jre/lib/jfr.jar:/Library/Java/JavaVirtualMachines/jdk1.8.0_73.jdk/Contents/Home/jre/lib/jfxswt.jar:/Library/Java/JavaVirtualMachines/jdk1.8.0_73.jdk/Contents/Home/jre/lib/jsse.jar:/Library/Java/JavaVirtualMachines/jdk1.8.0_73.jdk/Contents/Home/jre/lib/management-agent.jar:/Library/Java/JavaVirtualMachines/jdk1.8.0_73.jdk/Contents/Home/jre/lib/plugin.jar:/Library/Java/JavaVirtualMachines/jdk1.8.0_73.jdk/Contents/Home/jre/lib/resources.jar:/Library/Java/JavaVirtualMachines/jdk1.8.0_73.jdk/Contents/Home/jre/lib/rt.jar:/Library/Java/JavaVirtualMachines/jdk1.8.0_73.jdk/Contents/Home/lib/ant-javafx.jar:/Library/Java/JavaVirtualMachines/jdk1.8.0_73.jdk/Contents/Home/lib/dt.jar:/Library/Ja
Launcher Type: SUN_STANDARD

Environment Variables:
JAVA_HOME=/Library/Java/JavaVirtualMachines/jdk1.8.0_73.jdk/Contents/Home
CLASSPATH=.:/usr/local/lib/antlr-4.7.1-complete.jar:
PATH=/usr/local/ffmpeg/bin:/usr/local/opt/tcl-tk/bin:/Users/lee/Downloads/maven3.3.9/bin:/Users/lee/Library/Ant197/bin:/Users/lee/Library/Tomcat8/bin:/Library/Frameworks/Python.framework/Versions/3.5/bin:/usr/local/bin:/usr/bin:/bin:/usr/sbin:/sbin:/usr/local/go/bin:/Applications/Wireshark.app/Contents/MacOS:/usr/local/mysql/bin:/Users/lee/go/bin:/Users/lee/gocode//bin:/opt/oracle/instantclient    :~/data/arthas/arthas
SHELL=/bin/bash

Signal Handlers:
SIGSEGV: [libjvm.dylib+0x5a71a5], sa_mask[0]=11111111011111110111111111111111, sa_flags=SA_ONSTACK|SA_RESTART|SA_SIGINFO
SIGBUS: [libjvm.dylib+0x5a71a5], sa_mask[0]=11111111011111110111111111111111, sa_flags=SA_RESTART|SA_SIGINFO
SIGFPE: [libjvm.dylib+0x480eb4], sa_mask[0]=11111111011111110111111111111111, sa_flags=SA_RESTART|SA_SIGINFO
SIGPIPE: [libjvm.dylib+0x480eb4], sa_mask[0]=11111111011111110111111111111111, sa_flags=SA_RESTART|SA_SIGINFO
SIGXFSZ: [libjvm.dylib+0x480eb4], sa_mask[0]=11111111011111110111111111111111, sa_flags=SA_RESTART|SA_SIGINFO
SIGILL: [libjvm.dylib+0x480eb4], sa_mask[0]=11111111011111110111111111111111, sa_flags=SA_RESTART|SA_SIGINFO
SIGUSR1: SIG_DFL, sa_mask[0]=00000000000000000000000000000000, sa_flags=none
SIGUSR2: [libjvm.dylib+0x4809d2], sa_mask[0]=00100000000000000000000000000000, sa_flags=SA_RESTART|SA_SIGINFO
SIGHUP: [libjvm.dylib+0x47efa9], sa_mask[0]=11111111011111110111111111111111, sa_flags=SA_RESTART|SA_SIGINFO
SIGINT: [libjvm.dylib+0x47efa9], sa_mask[0]=11111111011111110111111111111111, sa_flags=SA_RESTART|SA_SIGINFO
SIGTERM: [libjvm.dylib+0x47efa9], sa_mask[0]=11111111011111110111111111111111, sa_flags=SA_RESTART|SA_SIGINFO
SIGQUIT: [libjvm.dylib+0x47efa9], sa_mask[0]=11111111011111110111111111111111, sa_flags=SA_RESTART|SA_SIGINFO


---------------  S Y S T E M  ---------------

OS:Bsduname:Darwin 16.7.0 Darwin Kernel Version 16.7.0: Sun Jun  2 20:26:31 PDT 2019; root:xnu-3789.73.50~1/RELEASE_X86_64 x86_64
rlimit: STACK 8192k, CORE 0k, NPROC 709, NOFILE 10240, AS infinity
load average:5.67 4.50 4.21

CPU:total 4 (2 cores per cpu, 2 threads per core) family 6 model 61 stepping 4, cmov, cx8, fxsr, mmx, sse, sse2, sse3, ssse3, sse4.1, sse4.2, popcnt, avx, avx2, aes, clmul, erms, 3dnowpref, lzcnt, ht, tsc, tscinvbit, bmi1, bmi2, adx

Memory: 4k page, physical 8388608k(31976k free)

/proc/meminfo:


vm_info: Java HotSpot(TM) 64-Bit Server VM (25.73-b02) for bsd-amd64 JRE (1.8.0_73-b02), built on Jan 29 2016 15:02:00 by "java_re" with gcc 4.2.1 (Based on Apple Inc. build 5658) (LLVM build 2336.11.00)

time: Wed May  4 11:40:44 2022
elapsed time: 3 seconds (0d 0h 0m 3s)

