#
# A fatal error has been detected by the Java Runtime Environment:
#
#  SIGSEGV (0xb) at pc=0x0000000126de91a7, pid=37103, tid=7171
#
# JRE version: Java(TM) SE Runtime Environment (8.0_73-b02) (build 1.8.0_73-b02)
# Java VM: Java HotSpot(TM) 64-Bit Server VM (25.73-b02 mixed mode bsd-amd64 compressed oops)
# Problematic frame:
# C  [libavcodec.58.dylib+0xc01a7]  av_init_packet+0x7
#
# Failed to write core dump. Core dumps have been disabled. To enable core dumping, try "ulimit -c unlimited" before starting Java again
#
# If you would like to submit a bug report, please visit:
#   http://bugreport.java.com/bugreport/crash.jsp
# The crash happened outside the Java Virtual Machine in native code.
# See problematic frame for where to report the bug.
#

---------------  T H R E A D  ---------------

Current thread (0x00007faa3f808800):  JavaThread "main" [_thread_in_native, id=7171, stack(0x00007000063e8000,0x00007000064e8000)]

siginfo: si_signo: 11 (SIGSEGV), si_code: 1 (SEGV_MAPERR), si_addr: 0x0000000000000008

Registers:
RAX=0x4e5a621521a50016, RBX=0x0000000123ba0598, RCX=0x0000000000000000, RDX=0x00007faa3de355c0
RSP=0x00007000064e75d8, RBP=0x00007000064e7830, RSI=0x0000000000000000, RDI=0x0000000000000000
R8 =0x000000010fc6bf02, R9 =0x000000079583b578, R10=0x000000010fbbf110, R11=0x0000000126de91a0
R12=0x8000000000000000, R13=0x0000000000000000, R14=0x0000000000000000, R15=0x00007faa3e907200
RIP=0x0000000126de91a7, EFLAGS=0x0000000000010206, ERR=0x0000000000000006
  TRAPNO=0x000000000000000e

Top of Stack: (sp=0x00007000064e75d8)
0x00007000064e75d8:   0000000129c0b864 0000000000000000
0x00007000064e75e8:   0000000000000000 0000000000000000
0x00007000064e75f8:   0000000000000000 0000000000000000
0x00007000064e7608:   0000000000000000 0000000000000000
0x00007000064e7618:   0000000000000000 0000000000000000
0x00007000064e7628:   0000000000000000 0000000000000000
0x00007000064e7638:   0000000000000000 0000000000000000
0x00007000064e7648:   0000000000000000 0000000000000000
0x00007000064e7658:   0000000000000000 0000000000000000
0x00007000064e7668:   0000000000000000 0000000000000000
0x00007000064e7678:   0000000000000000 0000000000000000
0x00007000064e7688:   0000000000000000 0000000000000000
0x00007000064e7698:   0000000000000000 0000000000000000
0x00007000064e76a8:   0000000000000000 0000000000000000
0x00007000064e76b8:   0000000000000000 0000000123ba0598
0x00007000064e76c8:   0000000123ba0598 00007faa3f808800
0x00007000064e76d8:   0000000200000002 0000700000000002
0x00007000064e76e8:   00007faa3df046c0 0000000300000000
0x00007000064e76f8:   0000000000000008 0000000123ba0598
0x00007000064e7708:   00007faa3f808800 0000000e0dca6a00
0x00007000064e7718:   0000000123ba0598 00007000064e7770
0x00007000064e7728:   0000000000000003 4e5a621521a50016
0x00007000064e7738:   0000000123ba0598 00007faa3e907200
0x00007000064e7748:   0000000000000000 00007000064e7858
0x00007000064e7758:   8000000000000000 00007000064e7830
0x00007000064e7768:   0000000129c0b750 00007faa3f808800
0x00007000064e7778:   0000000123ba0598 000000079583b578
0x00007000064e7788:   000000010fc6bf02 0000000000000000
0x00007000064e7798:   0000000123ba0598 0000000000000000
0x00007000064e77a8:   0000000123ba0598 0000000000000000
0x00007000064e77b8:   0000000123ba0590 00007000064e7858
0x00007000064e77c8:   00007faa3f808800 00007000064e7830 

Instructions: (pc=0x0000000126de91a7)
0x0000000126de9187:   44 0a 00 48 89 df 5b e9 7b 6e d5 01 5b c3 90 90
0x0000000126de9197:   90 90 90 90 90 90 90 90 90 0f 28 05 89 c5 db 01
0x0000000126de91a7:   0f 11 47 08 48 c7 c0 ff ff ff ff 66 48 0f 6e c0
0x0000000126de91b7:   66 0f 73 f8 08 f3 0f 7f 47 40 48 c7 47 50 00 00 

Register to memory mapping:

RAX=0x4e5a621521a50016 is an unknown value
RBX={method} {0x0000000123ba0598} 'av_read_frame' '(Lorg/bytedeco/ffmpeg/avformat/AVFormatContext;Lorg/bytedeco/ffmpeg/avcodec/AVPacket;)I' in 'org/bytedeco/ffmpeg/global/avformat'
RCX=0x0000000000000000 is an unknown value
RDX=0x00007faa3de355c0 is an unknown value
RSP=0x00007000064e75d8 is pointing into the stack for thread: 0x00007faa3f808800
RBP=0x00007000064e7830 is pointing into the stack for thread: 0x00007faa3f808800
RSI=0x0000000000000000 is an unknown value
RDI=0x0000000000000000 is an unknown value
R8 =0x000000010fc6bf02 is at code_begin+34 in 
[CodeBlob (0x000000010fc6be90)]
Framesize: 0
BufferBlob (0x000000010fc6be90) used for Signature Handler Temp Buffer
R9 =0x000000079583b578 is an oop
org.bytedeco.ffmpeg.avformat.AVFormatContext 
 - klass: 'org/bytedeco/ffmpeg/avformat/AVFormatContext'
R10=0x000000010fbbf110 is an unknown value
R11=0x0000000126de91a0: av_init_packet+0 in /Users/lee/.javacpp/cache/ffmpeg-4.1.3-1.5-macosx-x86_64.jar/org/bytedeco/ffmpeg/macosx-x86_64/libavcodec.58.dylib at 0x0000000126d29000
R12=0x8000000000000000 is an unknown value
R13=0x0000000000000000 is an unknown value
R14=0x0000000000000000 is an unknown value
R15=0x00007faa3e907200 is an unknown value


Stack: [0x00007000063e8000,0x00007000064e8000],  sp=0x00007000064e75d8,  free space=1021k
Native frames: (J=compiled Java code, j=interpreted, Vv=VM code, C=native code)
C  [libavcodec.58.dylib+0xc01a7]  av_init_packet+0x7
j  Resample.resampleFromAudioDevice()V+96
j  Main.main([Ljava/lang/String;)V+20
v  ~StubRoutines::call_stub
V  [libjvm.dylib+0x2eae7a]  JavaCalls::call_helper(JavaValue*, methodHandle*, JavaCallArguments*, Thread*)+0x6ae
V  [libjvm.dylib+0x321bec]  jni_invoke_static(JNIEnv_*, JavaValue*, _jobject*, JNICallType, _jmethodID*, JNI_ArgumentPusher*, Thread*)+0x1bf
V  [libjvm.dylib+0x31a966]  jni_CallStaticVoidMethod+0x15d
C  [java+0x393e]  JavaMain+0x9b1
C  [libsystem_pthread.dylib+0x393b]  _pthread_body+0xb4
C  [libsystem_pthread.dylib+0x3887]  _pthread_body+0x0
C  [libsystem_pthread.dylib+0x308d]  thread_start+0xd
C  0x0000000000000000

Java frames: (J=compiled Java code, j=interpreted, Vv=VM code)
j  org.bytedeco.ffmpeg.global.avformat.av_read_frame(Lorg/bytedeco/ffmpeg/avformat/AVFormatContext;Lorg/bytedeco/ffmpeg/avcodec/AVPacket;)I+0
j  Resample.resampleFromAudioDevice()V+96
j  Main.main([Ljava/lang/String;)V+20
v  ~StubRoutines::call_stub

---------------  P R O C E S S  ---------------

Java Threads: ( => current thread )
  0x00007faa3e0b9000 JavaThread "Attach Listener" daemon [_thread_blocked, id=20227, stack(0x0000700007315000,0x0000700007415000)]
  0x00007faa3e0a7000 JavaThread "JavaCPP Deallocator" daemon [_thread_blocked, id=19715, stack(0x0000700007212000,0x0000700007312000)]
  0x00007faa3e818800 JavaThread "Service Thread" daemon [_thread_blocked, id=18691, stack(0x000070000700c000,0x000070000710c000)]
  0x00007faa3f864800 JavaThread "C1 CompilerThread2" daemon [_thread_blocked, id=18179, stack(0x0000700006f09000,0x0000700007009000)]
  0x00007faa3f03e000 JavaThread "C2 CompilerThread1" daemon [_thread_blocked, id=17667, stack(0x0000700006e06000,0x0000700006f06000)]
  0x00007faa3e814800 JavaThread "C2 CompilerThread0" daemon [_thread_blocked, id=17155, stack(0x0000700006d03000,0x0000700006e03000)]
  0x00007faa3f039800 JavaThread "Signal Dispatcher" daemon [_thread_blocked, id=16643, stack(0x0000700006c00000,0x0000700006d00000)]
  0x00007faa3e810800 JavaThread "Finalizer" daemon [_thread_blocked, id=12547, stack(0x0000700006afd000,0x0000700006bfd000)]
  0x00007faa3e810000 JavaThread "Reference Handler" daemon [_thread_blocked, id=12035, stack(0x00007000069fa000,0x0000700006afa000)]
=>0x00007faa3f808800 JavaThread "main" [_thread_in_native, id=7171, stack(0x00007000063e8000,0x00007000064e8000)]

Other Threads:
  0x00007faa3f828000 VMThread [stack: 0x00007000068f7000,0x00007000069f7000] [id=11523]
  0x00007faa3f865800 WatcherThread [stack: 0x000070000710f000,0x000070000720f000] [id=19203]

VM state:not at safepoint (normal execution)

VM Mutex/Monitor currently owned by a thread: None

Heap:
 PSYoungGen      total 38400K, used 4897K [0x0000000795580000, 0x0000000798000000, 0x00000007c0000000)
  eden space 33280K, 8% used [0x0000000795580000,0x0000000795852410,0x0000000797600000)
  from space 5120K, 39% used [0x0000000797600000,0x00000007977f6390,0x0000000797b00000)
  to   space 5120K, 0% used [0x0000000797b00000,0x0000000797b00000,0x0000000798000000)
 ParOldGen       total 87552K, used 8K [0x0000000740000000, 0x0000000745580000, 0x0000000795580000)
  object space 87552K, 0% used [0x0000000740000000,0x0000000740002000,0x0000000745580000)
 Metaspace       used 5689K, capacity 6054K, committed 6400K, reserved 1056768K
  class space    used 646K, capacity 657K, committed 768K, reserved 1048576K

Card table byte_map: [0x000000011ec0b000,0x000000011f00c000] byte_map_base: 0x000000011b20b000

Marking Bits: (ParMarkBitMap*) 0x000000010e5fbea0
 Begin Bits: [0x000000011f2b7000, 0x00000001212b7000)
 End Bits:   [0x00000001212b7000, 0x00000001232b7000)

Polling page: 0x000000010ece8000

CodeCache: size=245760Kb used=2455Kb max_used=2455Kb free=243304Kb
 bounds [0x000000010fc0b000, 0x000000010fe7b000, 0x000000011ec0b000]
 total_blobs=825 nmethods=522 adapters=217
 compilation: enabled

Compilation events (10 events):
Event: 1.782 Thread 0x00007faa3f864800  517       3       org.bytedeco.javacpp.Loader::findResource (20 bytes)
Event: 1.782 Thread 0x00007faa3f864800 nmethod 517 0x000000010fe65d10 code [0x000000010fe65e80, 0x000000010fe66068]
Event: 1.782 Thread 0x00007faa3f864800  519       3       java.io.File::getParent (65 bytes)
Event: 1.782 Thread 0x00007faa3f864800 nmethod 519 0x000000010fe65310 code [0x000000010fe654c0, 0x000000010fe65b08]
Event: 1.783 Thread 0x00007faa3f864800  520       3       sun.nio.fs.NativeBuffer::address (5 bytes)
Event: 1.783 Thread 0x00007faa3f864800 nmethod 520 0x000000010fe65010 code [0x000000010fe65160, 0x000000010fe652b0]
Event: 1.789 Thread 0x00007faa3f864800  521       3       java.lang.Character::isLetterOrDigit (5 bytes)
Event: 1.789 Thread 0x00007faa3f864800 nmethod 521 0x000000010fe72b50 code [0x000000010fe72ce0, 0x000000010fe73038]
Event: 1.789 Thread 0x00007faa3f864800  522       3       java.lang.Character::isLetterOrDigit (19 bytes)
Event: 1.790 Thread 0x00007faa3f864800 nmethod 522 0x000000010fe64a10 code [0x000000010fe64ba0, 0x000000010fe64e98]

GC Heap History (2 events):
Event: 1.764 GC heap before
{Heap before GC invocations=1 (full 0):
 PSYoungGen      total 38400K, used 33280K [0x0000000795580000, 0x0000000798000000, 0x00000007c0000000)
  eden space 33280K, 100% used [0x0000000795580000,0x0000000797600000,0x0000000797600000)
  from space 5120K, 0% used [0x0000000797b00000,0x0000000797b00000,0x0000000798000000)
  to   space 5120K, 0% used [0x0000000797600000,0x0000000797600000,0x0000000797b00000)
 ParOldGen       total 87552K, used 0K [0x0000000740000000, 0x0000000745580000, 0x0000000795580000)
  object space 87552K, 0% used [0x0000000740000000,0x0000000740000000,0x0000000745580000)
 Metaspace       used 5672K, capacity 6054K, committed 6400K, reserved 1056768K
  class space    used 646K, capacity 657K, committed 768K, reserved 1048576K
Event: 1.768 GC heap after
Heap after GC invocations=1 (full 0):
 PSYoungGen      total 38400K, used 2008K [0x0000000795580000, 0x0000000798000000, 0x00000007c0000000)
  eden space 33280K, 0% used [0x0000000795580000,0x0000000795580000,0x0000000797600000)
  from space 5120K, 39% used [0x0000000797600000,0x00000007977f6390,0x0000000797b00000)
  to   space 5120K, 0% used [0x0000000797b00000,0x0000000797b00000,0x0000000798000000)
 ParOldGen       total 87552K, used 8K [0x0000000740000000, 0x0000000745580000, 0x0000000795580000)
  object space 87552K, 0% used [0x0000000740000000,0x0000000740002000,0x0000000745580000)
 Metaspace       used 5672K, capacity 6054K, committed 6400K, reserved 1056768K
  class space    used 646K, capacity 657K, committed 768K, reserved 1048576K
}

Deoptimization events (0 events):
No events

Internal exceptions (10 events):
Event: 0.363 Thread 0x00007faa3f808800 Exception <a 'java/security/PrivilegedActionException'> (0x00000007957940c0) thrown at [/HUDSON3/workspace/8-2-build-macosx-x86_64/jdk8u73/6086/hotspot/src/share/vm/prims/jvm.cpp, line 1386]
Event: 0.363 Thread 0x00007faa3f808800 Exception <a 'java/security/PrivilegedActionException'> (0x00000007957942d0) thrown at [/HUDSON3/workspace/8-2-build-macosx-x86_64/jdk8u73/6086/hotspot/src/share/vm/prims/jvm.cpp, line 1386]
Event: 0.363 Thread 0x00007faa3f808800 Exception <a 'java/security/PrivilegedActionException'> (0x0000000795795158) thrown at [/HUDSON3/workspace/8-2-build-macosx-x86_64/jdk8u73/6086/hotspot/src/share/vm/prims/jvm.cpp, line 1386]
Event: 0.363 Thread 0x00007faa3f808800 Exception <a 'java/security/PrivilegedActionException'> (0x0000000795795368) thrown at [/HUDSON3/workspace/8-2-build-macosx-x86_64/jdk8u73/6086/hotspot/src/share/vm/prims/jvm.cpp, line 1386]
Event: 0.367 Thread 0x00007faa3f808800 Exception <a 'java/security/PrivilegedActionException'> (0x00000007957aaac0) thrown at [/HUDSON3/workspace/8-2-build-macosx-x86_64/jdk8u73/6086/hotspot/src/share/vm/prims/jvm.cpp, line 1386]
Event: 0.367 Thread 0x00007faa3f808800 Exception <a 'java/security/PrivilegedActionException'> (0x00000007957aaeb8) thrown at [/HUDSON3/workspace/8-2-build-macosx-x86_64/jdk8u73/6086/hotspot/src/share/vm/prims/jvm.cpp, line 1386]
Event: 0.406 Thread 0x00007faa3f808800 Exception <a 'java/security/PrivilegedActionException'> (0x00000007957fe688) thrown at [/HUDSON3/workspace/8-2-build-macosx-x86_64/jdk8u73/6086/hotspot/src/share/vm/prims/jvm.cpp, line 1386]
Event: 0.406 Thread 0x00007faa3f808800 Exception <a 'java/security/PrivilegedActionException'> (0x00000007957fe898) thrown at [/HUDSON3/workspace/8-2-build-macosx-x86_64/jdk8u73/6086/hotspot/src/share/vm/prims/jvm.cpp, line 1386]
Event: 0.407 Thread 0x00007faa3f808800 Exception <a 'java/security/PrivilegedActionException'> (0x0000000795801b38) thrown at [/HUDSON3/workspace/8-2-build-macosx-x86_64/jdk8u73/6086/hotspot/src/share/vm/prims/jvm.cpp, line 1386]
Event: 0.407 Thread 0x00007faa3f808800 Exception <a 'java/security/PrivilegedActionException'> (0x0000000795801d48) thrown at [/HUDSON3/workspace/8-2-build-macosx-x86_64/jdk8u73/6086/hotspot/src/share/vm/prims/jvm.cpp, line 1386]

Events (10 events):
Event: 1.643 loading class org/bytedeco/ffmpeg/avdevice/AVDeviceCapabilitiesQuery
Event: 1.643 loading class org/bytedeco/ffmpeg/avdevice/AVDeviceCapabilitiesQuery done
Event: 1.644 loading class org/bytedeco/ffmpeg/avdevice/AVDeviceInfo
Event: 1.644 loading class org/bytedeco/ffmpeg/avdevice/AVDeviceInfo done
Event: 1.645 loading class org/bytedeco/ffmpeg/avdevice/AVDeviceInfoList
Event: 1.645 loading class org/bytedeco/ffmpeg/avdevice/AVDeviceInfoList done
Event: 1.645 loading class org/bytedeco/ffmpeg/avdevice/AVDeviceRect
Event: 1.645 loading class org/bytedeco/ffmpeg/avdevice/AVDeviceRect done
Event: 1.764 Executing VM operation: ParallelGCFailedAllocation
Event: 1.768 Executing VM operation: ParallelGCFailedAllocation done


Dynamic libraries:
0x000000000bcbf000 	/System/Library/Frameworks/Cocoa.framework/Versions/A/Cocoa
0x000000000bcbf000 	/System/Library/Frameworks/Security.framework/Versions/A/Security
0x000000000bcbf000 	/System/Library/Frameworks/ApplicationServices.framework/Versions/A/ApplicationServices
0x000000000bcbf000 	/usr/lib/libz.1.dylib
0x000000000bcbf000 	/usr/lib/libSystem.B.dylib
0x000000000bcbf000 	/usr/lib/libobjc.A.dylib
0x000000000bcbf000 	/System/Library/Frameworks/CoreFoundation.framework/Versions/A/CoreFoundation
0x000000000bcbf000 	/System/Library/Frameworks/Foundation.framework/Versions/C/Foundation
0x000000000bcbf000 	/System/Library/Frameworks/AppKit.framework/Versions/C/AppKit
0x000000000bcbf000 	/System/Library/Frameworks/CoreData.framework/Versions/A/CoreData
0x000000000bcbf000 	/System/Library/PrivateFrameworks/RemoteViewServices.framework/Versions/A/RemoteViewServices
0x000000000bcbf000 	/System/Library/PrivateFrameworks/UIFoundation.framework/Versions/A/UIFoundation
0x000000000bcbf000 	/System/Library/PrivateFrameworks/DFRFoundation.framework/Versions/A/DFRFoundation
0x000000000bcbf000 	/usr/lib/libenergytrace.dylib
0x000000000bcbf000 	/System/Library/PrivateFrameworks/SkyLight.framework/Versions/A/SkyLight
0x000000000bcbf000 	/System/Library/Frameworks/CoreGraphics.framework/Versions/A/CoreGraphics
0x000000000bcbf000 	/usr/lib/libScreenReader.dylib
0x000000000bcbf000 	/System/Library/Frameworks/Accelerate.framework/Versions/A/Accelerate
0x000000000bcbf000 	/System/Library/Frameworks/IOSurface.framework/Versions/A/IOSurface
0x000000000bcbf000 	/System/Library/Frameworks/AudioToolbox.framework/Versions/A/AudioToolbox
0x000000000bcbf000 	/System/Library/Frameworks/AudioUnit.framework/Versions/A/AudioUnit
0x000000000bcbf000 	/System/Library/PrivateFrameworks/DataDetectorsCore.framework/Versions/A/DataDetectorsCore
0x000000000bcbf000 	/System/Library/PrivateFrameworks/DesktopServicesPriv.framework/Versions/A/DesktopServicesPriv
0x000000000bcbf000 	/System/Library/Frameworks/Carbon.framework/Versions/A/Frameworks/HIToolbox.framework/Versions/A/HIToolbox
0x000000000bcbf000 	/usr/lib/libicucore.A.dylib
0x000000000bcbf000 	/System/Library/Frameworks/QuartzCore.framework/Versions/A/QuartzCore
0x000000000bcbf000 	/System/Library/Frameworks/Carbon.framework/Versions/A/Frameworks/SpeechRecognition.framework/Versions/A/SpeechRecognition
0x000000000bcbf000 	/usr/lib/libauto.dylib
0x000000000bcbf000 	/usr/lib/libxml2.2.dylib
0x000000000bcbf000 	/System/Library/PrivateFrameworks/CoreUI.framework/Versions/A/CoreUI
0x000000000bcbf000 	/System/Library/Frameworks/CoreAudio.framework/Versions/A/CoreAudio
0x000000000bcbf000 	/System/Library/Frameworks/DiskArbitration.framework/Versions/A/DiskArbitration
0x000000000bcbf000 	/usr/lib/liblangid.dylib
0x000000000bcbf000 	/System/Library/PrivateFrameworks/MultitouchSupport.framework/Versions/A/MultitouchSupport
0x000000000bcbf000 	/System/Library/Frameworks/IOKit.framework/Versions/A/IOKit
0x000000000bcbf000 	/usr/lib/libDiagnosticMessagesClient.dylib
0x000000000bcbf000 	/System/Library/Frameworks/CoreServices.framework/Versions/A/CoreServices
0x000000000bcbf000 	/System/Library/PrivateFrameworks/PerformanceAnalysis.framework/Versions/A/PerformanceAnalysis
0x000000000bcbf000 	/System/Library/PrivateFrameworks/GenerationalStorage.framework/Versions/A/GenerationalStorage
0x000000000bcbf000 	/System/Library/Frameworks/OpenGL.framework/Versions/A/OpenGL
0x000000000bcbf000 	/System/Library/Frameworks/CoreImage.framework/Versions/A/CoreImage
0x000000000bcbf000 	/System/Library/Frameworks/CoreText.framework/Versions/A/CoreText
0x000000000bcbf000 	/System/Library/Frameworks/ImageIO.framework/Versions/A/ImageIO
0x000000000bcbf000 	/System/Library/PrivateFrameworks/Backup.framework/Versions/A/Backup
0x000000000bcbf000 	/usr/lib/libarchive.2.dylib
0x000000000bcbf000 	/System/Library/Frameworks/CFNetwork.framework/Versions/A/CFNetwork
0x000000000bcbf000 	/System/Library/Frameworks/SystemConfiguration.framework/Versions/A/SystemConfiguration
0x000000000bcbf000 	/usr/lib/libCRFSuite.dylib
0x000000000bcbf000 	/usr/lib/libc++.1.dylib
0x000000000bcbf000 	/usr/lib/libc++abi.dylib
0x000000000bcbf000 	/usr/lib/system/libcache.dylib
0x000000000bcbf000 	/usr/lib/system/libcommonCrypto.dylib
0x000000000bcbf000 	/usr/lib/system/libcompiler_rt.dylib
0x000000000bcbf000 	/usr/lib/system/libcopyfile.dylib
0x000000000bcbf000 	/usr/lib/system/libcorecrypto.dylib
0x000000000bcbf000 	/usr/lib/system/libdispatch.dylib
0x000000000bcbf000 	/usr/lib/system/libdyld.dylib
0x000000000bcbf000 	/usr/lib/system/libkeymgr.dylib
0x000000000bcbf000 	/usr/lib/system/liblaunch.dylib
0x000000000bcbf000 	/usr/lib/system/libmacho.dylib
0x000000000bcbf000 	/usr/lib/system/libquarantine.dylib
0x000000000bcbf000 	/usr/lib/system/libremovefile.dylib
0x000000000bcbf000 	/usr/lib/system/libsystem_asl.dylib
0x000000000bcbf000 	/usr/lib/system/libsystem_blocks.dylib
0x000000000bcbf000 	/usr/lib/system/libsystem_c.dylib
0x000000000bcbf000 	/usr/lib/system/libsystem_configuration.dylib
0x000000000bcbf000 	/usr/lib/system/libsystem_coreservices.dylib
0x000000000bcbf000 	/usr/lib/system/libsystem_coretls.dylib
0x000000000bcbf000 	/usr/lib/system/libsystem_dnssd.dylib
0x000000000bcbf000 	/usr/lib/system/libsystem_info.dylib
0x000000000bcbf000 	/usr/lib/system/libsystem_kernel.dylib
0x000000000bcbf000 	/usr/lib/system/libsystem_m.dylib
0x000000000bcbf000 	/usr/lib/system/libsystem_malloc.dylib
0x000000000bcbf000 	/usr/lib/system/libsystem_network.dylib
0x000000000bcbf000 	/usr/lib/system/libsystem_networkextension.dylib
0x000000000bcbf000 	/usr/lib/system/libsystem_notify.dylib
0x000000000bcbf000 	/usr/lib/system/libsystem_platform.dylib
0x000000000bcbf000 	/usr/lib/system/libsystem_pthread.dylib
0x000000000bcbf000 	/usr/lib/system/libsystem_sandbox.dylib
0x000000000bcbf000 	/usr/lib/system/libsystem_secinit.dylib
0x000000000bcbf000 	/usr/lib/system/libsystem_symptoms.dylib
0x000000000bcbf000 	/usr/lib/system/libsystem_trace.dylib
0x000000000bcbf000 	/usr/lib/system/libunwind.dylib
0x000000000bcbf000 	/usr/lib/system/libxpc.dylib
0x000000000bcbf000 	/usr/lib/libbsm.0.dylib
0x000000000bcbf000 	/usr/lib/system/libkxld.dylib
0x000000000bcbf000 	/usr/lib/libcoretls.dylib
0x000000000bcbf000 	/usr/lib/libcoretls_cfhelpers.dylib
0x000000000bcbf000 	/usr/lib/libOpenScriptingUtil.dylib
0x000000000bcbf000 	/usr/lib/libpam.2.dylib
0x000000000bcbf000 	/usr/lib/libsqlite3.dylib
0x000000000bcbf000 	/usr/lib/libxar.1.dylib
0x000000000bcbf000 	/usr/lib/libbz2.1.0.dylib
0x000000000bcbf000 	/usr/lib/liblzma.5.dylib
0x000000000bcbf000 	/usr/lib/libnetwork.dylib
0x000000000bcbf000 	/usr/lib/libpcap.A.dylib
0x000000000bcbf000 	/System/Library/Frameworks/CoreServices.framework/Versions/A/Frameworks/FSEvents.framework/Versions/A/FSEvents
0x000000000bcbf000 	/System/Library/Frameworks/CoreServices.framework/Versions/A/Frameworks/CarbonCore.framework/Versions/A/CarbonCore
0x000000000bcbf000 	/System/Library/Frameworks/CoreServices.framework/Versions/A/Frameworks/Metadata.framework/Versions/A/Metadata
0x000000000bcbf000 	/System/Library/Frameworks/CoreServices.framework/Versions/A/Frameworks/OSServices.framework/Versions/A/OSServices
0x000000000bcbf000 	/System/Library/Frameworks/CoreServices.framework/Versions/A/Frameworks/SearchKit.framework/Versions/A/SearchKit
0x000000000bcbf000 	/System/Library/Frameworks/CoreServices.framework/Versions/A/Frameworks/AE.framework/Versions/A/AE
0x000000000bcbf000 	/System/Library/Frameworks/CoreServices.framework/Versions/A/Frameworks/LaunchServices.framework/Versions/A/LaunchServices
0x000000000bcbf000 	/System/Library/Frameworks/CoreServices.framework/Versions/A/Frameworks/DictionaryServices.framework/Versions/A/DictionaryServices
0x000000000bcbf000 	/System/Library/Frameworks/CoreServices.framework/Versions/A/Frameworks/SharedFileList.framework/Versions/A/SharedFileList
0x000000000bcbf000 	/System/Library/Frameworks/NetFS.framework/Versions/A/NetFS
0x000000000bcbf000 	/System/Library/PrivateFrameworks/NetAuth.framework/Versions/A/NetAuth
0x000000000bcbf000 	/System/Library/PrivateFrameworks/login.framework/Versions/A/Frameworks/loginsupport.framework/Versions/A/loginsupport
0x000000000bcbf000 	/System/Library/PrivateFrameworks/TCC.framework/Versions/A/TCC
0x000000000bcbf000 	/usr/lib/libmecabra.dylib
0x000000000bcbf000 	/System/Library/Frameworks/ApplicationServices.framework/Versions/A/Frameworks/ATS.framework/Versions/A/ATS
0x000000000bcbf000 	/System/Library/Frameworks/ApplicationServices.framework/Versions/A/Frameworks/ColorSync.framework/Versions/A/ColorSync
0x000000000bcbf000 	/System/Library/Frameworks/ApplicationServices.framework/Versions/A/Frameworks/HIServices.framework/Versions/A/HIServices
0x000000000bcbf000 	/System/Library/Frameworks/ApplicationServices.framework/Versions/A/Frameworks/LangAnalysis.framework/Versions/A/LangAnalysis
0x000000000bcbf000 	/System/Library/Frameworks/ApplicationServices.framework/Versions/A/Frameworks/PrintCore.framework/Versions/A/PrintCore
0x000000000bcbf000 	/System/Library/Frameworks/ApplicationServices.framework/Versions/A/Frameworks/QD.framework/Versions/A/QD
0x000000000bcbf000 	/System/Library/Frameworks/ApplicationServices.framework/Versions/A/Frameworks/SpeechSynthesis.framework/Versions/A/SpeechSynthesis
0x000000000bcbf000 	/System/Library/Frameworks/Accelerate.framework/Versions/A/Frameworks/vImage.framework/Versions/A/vImage
0x000000000bcbf000 	/System/Library/Frameworks/Accelerate.framework/Versions/A/Frameworks/vecLib.framework/Versions/A/vecLib
0x000000000bcbf000 	/System/Library/Frameworks/Accelerate.framework/Versions/A/Frameworks/vecLib.framework/Versions/A/libvDSP.dylib
0x000000000bcbf000 	/System/Library/Frameworks/Accelerate.framework/Versions/A/Frameworks/vecLib.framework/Versions/A/libBNNS.dylib
0x000000000bcbf000 	/System/Library/Frameworks/Accelerate.framework/Versions/A/Frameworks/vecLib.framework/Versions/A/libQuadrature.dylib
0x000000000bcbf000 	/System/Library/Frameworks/Accelerate.framework/Versions/A/Frameworks/vecLib.framework/Versions/A/libvMisc.dylib
0x000000000bcbf000 	/System/Library/Frameworks/Accelerate.framework/Versions/A/Frameworks/vecLib.framework/Versions/A/libLAPACK.dylib
0x000000000bcbf000 	/System/Library/Frameworks/Accelerate.framework/Versions/A/Frameworks/vecLib.framework/Versions/A/libBLAS.dylib
0x000000000bcbf000 	/System/Library/Frameworks/Accelerate.framework/Versions/A/Frameworks/vecLib.framework/Versions/A/libLinearAlgebra.dylib
0x000000000bcbf000 	/System/Library/Frameworks/Accelerate.framework/Versions/A/Frameworks/vecLib.framework/Versions/A/libSparseBLAS.dylib
0x000000000bcbf000 	/System/Library/Frameworks/ApplicationServices.framework/Versions/A/Frameworks/ATS.framework/Versions/A/Resources/libFontParser.dylib
0x000000000bcbf000 	/System/Library/Frameworks/ApplicationServices.framework/Versions/A/Frameworks/ATS.framework/Versions/A/Resources/libFontRegistry.dylib
0x000000000bcbf000 	/System/Library/Frameworks/ImageIO.framework/Versions/A/Resources/libJPEG.dylib
0x000000000bcbf000 	/System/Library/Frameworks/ImageIO.framework/Versions/A/Resources/libTIFF.dylib
0x000000000bcbf000 	/System/Library/Frameworks/ImageIO.framework/Versions/A/Resources/libPng.dylib
0x000000000bcbf000 	/System/Library/Frameworks/ImageIO.framework/Versions/A/Resources/libGIF.dylib
0x000000000bcbf000 	/System/Library/Frameworks/ImageIO.framework/Versions/A/Resources/libJP2.dylib
0x000000000bcbf000 	/System/Library/Frameworks/ImageIO.framework/Versions/A/Resources/libRadiance.dylib
0x000000000bcbf000 	/usr/lib/libcompression.dylib
0x000000000bcbf000 	/System/Library/PrivateFrameworks/AppleJPEG.framework/Versions/A/AppleJPEG
0x000000000bcbf000 	/usr/lib/libcups.2.dylib
0x000000000bcbf000 	/System/Library/Frameworks/Kerberos.framework/Versions/A/Kerberos
0x000000000bcbf000 	/System/Library/Frameworks/GSS.framework/Versions/A/GSS
0x000000000bcbf000 	/usr/lib/libresolv.9.dylib
0x000000000bcbf000 	/usr/lib/libiconv.2.dylib
0x000000000bcbf000 	/System/Library/PrivateFrameworks/Heimdal.framework/Versions/A/Heimdal
0x000000000bcbf000 	/usr/lib/libheimdal-asn1.dylib
0x000000000bcbf000 	/System/Library/Frameworks/OpenDirectory.framework/Versions/A/OpenDirectory
0x000000000bcbf000 	/System/Library/PrivateFrameworks/CommonAuth.framework/Versions/A/CommonAuth
0x000000000bcbf000 	/System/Library/Frameworks/OpenDirectory.framework/Versions/A/Frameworks/CFOpenDirectory.framework/Versions/A/CFOpenDirectory
0x000000000bcbf000 	/System/Library/Frameworks/SecurityFoundation.framework/Versions/A/SecurityFoundation
0x000000000bcbf000 	/System/Library/PrivateFrameworks/LanguageModeling.framework/Versions/A/LanguageModeling
0x000000000bcbf000 	/usr/lib/libmarisa.dylib
0x000000000bcbf000 	/usr/lib/libChineseTokenizer.dylib
0x000000000bcbf000 	/usr/lib/libcmph.dylib
0x000000000bcbf000 	/System/Library/PrivateFrameworks/CoreEmoji.framework/Versions/A/CoreEmoji
0x000000000bcbf000 	/System/Library/Frameworks/ServiceManagement.framework/Versions/A/ServiceManagement
0x000000000bcbf000 	/usr/lib/libxslt.1.dylib
0x000000000bcbf000 	/System/Library/Frameworks/Carbon.framework/Versions/A/Frameworks/Ink.framework/Versions/A/Ink
0x000000000bcbf000 	/System/Library/PrivateFrameworks/TextureIO.framework/Versions/A/TextureIO
0x000000000bcbf000 	/System/Library/Frameworks/Metal.framework/Versions/A/Metal
0x000000000bcbf000 	/usr/lib/libate.dylib
0x000000000bcbf000 	/System/Library/PrivateFrameworks/GPUCompiler.framework/libmetal_timestamp.dylib
0x000000000bcbf000 	/System/Library/Frameworks/OpenGL.framework/Versions/A/Libraries/libCoreFSCache.dylib
0x000000000bcbf000 	/System/Library/PrivateFrameworks/IOAccelerator.framework/Versions/A/IOAccelerator
0x000000000bcbf000 	/System/Library/Frameworks/CoreVideo.framework/Versions/A/CoreVideo
0x000000000bcbf000 	/usr/lib/libFosl_dynamic.dylib
0x000000000bcbf000 	/System/Library/PrivateFrameworks/MetalPerformanceShaders.framework/Versions/A/MetalPerformanceShaders
0x000000000bcbf000 	/System/Library/PrivateFrameworks/FaceCore.framework/Versions/A/FaceCore
0x000000000bcbf000 	/System/Library/Frameworks/OpenCL.framework/Versions/A/OpenCL
0x000000000bcbf000 	/System/Library/Frameworks/OpenGL.framework/Versions/A/Libraries/libGLU.dylib
0x000000000bcbf000 	/System/Library/Frameworks/OpenGL.framework/Versions/A/Libraries/libGFXShared.dylib
0x000000000bcbf000 	/System/Library/Frameworks/OpenGL.framework/Versions/A/Libraries/libGL.dylib
0x000000000bcbf000 	/System/Library/Frameworks/OpenGL.framework/Versions/A/Libraries/libGLImage.dylib
0x000000000bcbf000 	/System/Library/Frameworks/OpenGL.framework/Versions/A/Libraries/libCVMSPluginSupport.dylib
0x000000000bcbf000 	/System/Library/Frameworks/OpenGL.framework/Versions/A/Libraries/libCoreVMClient.dylib
0x000000000bcbf000 	/System/Library/PrivateFrameworks/CrashReporterSupport.framework/Versions/A/CrashReporterSupport
0x000000000bcbf000 	/System/Library/PrivateFrameworks/Sharing.framework/Versions/A/Sharing
0x000000000bcbf000 	/System/Library/PrivateFrameworks/IconServices.framework/Versions/A/IconServices
0x000000000bcbf000 	/System/Library/PrivateFrameworks/ProtocolBuffer.framework/Versions/A/ProtocolBuffer
0x000000000bcbf000 	/System/Library/PrivateFrameworks/Apple80211.framework/Versions/A/Apple80211
0x000000000bcbf000 	/System/Library/Frameworks/CoreWLAN.framework/Versions/A/CoreWLAN
0x000000000bcbf000 	/System/Library/PrivateFrameworks/CoreUtils.framework/Versions/A/CoreUtils
0x000000000bcbf000 	/System/Library/Frameworks/IOBluetooth.framework/Versions/A/IOBluetooth
0x000000000bcbf000 	/System/Library/PrivateFrameworks/CoreWiFi.framework/Versions/A/CoreWiFi
0x000000000bcbf000 	/System/Library/Frameworks/CoreBluetooth.framework/Versions/A/CoreBluetooth
0x000000000bcbf000 	/System/Library/Frameworks/CoreDisplay.framework/Versions/A/CoreDisplay
0x000000000bcbf000 	/System/Library/PrivateFrameworks/IOPresentment.framework/Versions/A/IOPresentment
0x000000000bcbf000 	/System/Library/PrivateFrameworks/DSExternalDisplay.framework/Versions/A/DSExternalDisplay
0x000000000bcbf000 	/System/Library/PrivateFrameworks/DebugSymbols.framework/Versions/A/DebugSymbols
0x000000000bcbf000 	/System/Library/PrivateFrameworks/CoreSymbolication.framework/Versions/A/CoreSymbolication
0x000000000bcbf000 	/System/Library/PrivateFrameworks/Symbolication.framework/Versions/A/Symbolication
0x000000000bcbf000 	/System/Library/PrivateFrameworks/AppleFSCompression.framework/Versions/A/AppleFSCompression
0x000000000bcbf000 	/System/Library/PrivateFrameworks/SpeechRecognitionCore.framework/Versions/A/SpeechRecognitionCore
0x000000000bcbf000 	/System/Library/PrivateFrameworks/ChunkingLibrary.framework/Versions/A/ChunkingLibrary
0x000000010dcd4000 	/System/Library/CoreServices/Encodings/libSimplifiedChineseConverter.dylib
0x000000010dd18000 	/Library/Java/JavaVirtualMachines/jdk1.8.0_73.jdk/Contents/Home/jre/lib/server/libjvm.dylib
0x000000000bcbf000 	/usr/lib/libstdc++.6.dylib
0x000000010eca5000 	/Library/Java/JavaVirtualMachines/jdk1.8.0_73.jdk/Contents/Home/jre/lib/libverify.dylib
0x000000010ecb3000 	/Library/Java/JavaVirtualMachines/jdk1.8.0_73.jdk/Contents/Home/jre/lib/libjava.dylib
0x000000010ecf2000 	/Library/Java/JavaVirtualMachines/jdk1.8.0_73.jdk/Contents/Home/jre/lib/libzip.dylib
0x0000000124efb000 	/System/Library/Frameworks/JavaVM.framework/Frameworks/JavaRuntimeSupport.framework/JavaRuntimeSupport
0x0000000124f15000 	/System/Library/Frameworks/JavaVM.framework/Versions/A/Frameworks/JavaNativeFoundation.framework/Versions/A/JavaNativeFoundation
0x0000000124f2a000 	/System/Library/Frameworks/JavaVM.framework/Versions/A/JavaVM
0x000000000bcbf000 	/System/Library/Frameworks/Carbon.framework/Versions/A/Carbon
0x0000000124f37000 	/System/Library/PrivateFrameworks/JavaLaunching.framework/Versions/A/JavaLaunching
0x000000000bcbf000 	/System/Library/Frameworks/Carbon.framework/Versions/A/Frameworks/CommonPanels.framework/Versions/A/CommonPanels
0x000000000bcbf000 	/System/Library/Frameworks/Carbon.framework/Versions/A/Frameworks/Help.framework/Versions/A/Help
0x000000000bcbf000 	/System/Library/Frameworks/Carbon.framework/Versions/A/Frameworks/ImageCapture.framework/Versions/A/ImageCapture
0x000000000bcbf000 	/System/Library/Frameworks/Carbon.framework/Versions/A/Frameworks/OpenScripting.framework/Versions/A/OpenScripting
0x000000000bcbf000 	/System/Library/Frameworks/Carbon.framework/Versions/A/Frameworks/Print.framework/Versions/A/Print
0x000000000bcbf000 	/System/Library/Frameworks/Carbon.framework/Versions/A/Frameworks/SecurityHI.framework/Versions/A/SecurityHI
0x0000000126975000 	/Users/lee/.javacpp/cache/ffmpeg-4.1.3-1.5-macosx-x86_64.jar/org/bytedeco/ffmpeg/macosx-x86_64/libavutil.56.dylib
0x000000000bcbf000 	/System/Library/Frameworks/VideoToolbox.framework/Versions/A/VideoToolbox
0x000000000bcbf000 	/System/Library/Frameworks/CoreMedia.framework/Versions/A/CoreMedia
0x000000000bcbf000 	/System/Library/PrivateFrameworks/AppleVA.framework/Versions/A/AppleVA
0x000000000bcbf000 	/usr/lib/libspindump.dylib
0x000000000bcbf000 	/usr/lib/libdscsym.dylib
0x00000001269df000 	/Library/Java/JavaVirtualMachines/jdk1.8.0_73.jdk/Contents/Home/jre/lib/libnio.dylib
0x00000001269ef000 	/Library/Java/JavaVirtualMachines/jdk1.8.0_73.jdk/Contents/Home/jre/lib/./libnet.dylib
0x0000000126a4e000 	/Users/lee/.javacpp/cache/ffmpeg-4.1.3-1.5-macosx-x86_64.jar/org/bytedeco/ffmpeg/macosx-x86_64/libjniavutil.dylib
0x0000000126cfb000 	/Users/lee/.javacpp/cache/ffmpeg-4.1.3-1.5-macosx-x86_64.jar/org/bytedeco/ffmpeg/macosx-x86_64/libswresample.3.dylib
0x0000000126d19000 	/Users/lee/.javacpp/cache/ffmpeg-4.1.3-1.5-macosx-x86_64.jar/org/bytedeco/ffmpeg/macosx-x86_64/libjniswresample.dylib
0x0000000126d29000 	/Users/lee/.javacpp/cache/ffmpeg-4.1.3-1.5-macosx-x86_64.jar/org/bytedeco/ffmpeg/macosx-x86_64/libavcodec.58.dylib
0x0000000129832000 	/Users/lee/.javacpp/cache/ffmpeg-4.1.3-1.5-macosx-x86_64.jar/org/bytedeco/ffmpeg/macosx-x86_64/libjniavcodec.dylib
0x0000000129acb000 	/Users/lee/.javacpp/cache/ffmpeg-4.1.3-1.5-macosx-x86_64.jar/org/bytedeco/ffmpeg/macosx-x86_64/libavformat.58.dylib
0x0000000129f21000 	/Users/lee/.javacpp/cache/ffmpeg-4.1.3-1.5-macosx-x86_64.jar/org/bytedeco/ffmpeg/macosx-x86_64/libjniavformat.dylib
0x000000012a05e000 	/Users/lee/.javacpp/cache/ffmpeg-4.1.3-1.5-macosx-x86_64.jar/org/bytedeco/ffmpeg/macosx-x86_64/libpostproc.55.dylib
0x000000012a07f000 	/Users/lee/.javacpp/cache/ffmpeg-4.1.3-1.5-macosx-x86_64.jar/org/bytedeco/ffmpeg/macosx-x86_64/libjnipostproc.dylib
0x000000012a08e000 	/Users/lee/.javacpp/cache/ffmpeg-4.1.3-1.5-macosx-x86_64.jar/org/bytedeco/ffmpeg/macosx-x86_64/libswscale.5.dylib
0x000000012a12c000 	/Users/lee/.javacpp/cache/ffmpeg-4.1.3-1.5-macosx-x86_64.jar/org/bytedeco/ffmpeg/macosx-x86_64/libjniswscale.dylib
0x000000012a145000 	/Users/lee/.javacpp/cache/ffmpeg-4.1.3-1.5-macosx-x86_64.jar/org/bytedeco/ffmpeg/macosx-x86_64/libavfilter.7.dylib
0x000000012a476000 	/Users/lee/.javacpp/cache/ffmpeg-4.1.3-1.5-macosx-x86_64.jar/org/bytedeco/ffmpeg/macosx-x86_64/libjniavfilter.dylib
0x000000012a4d5000 	/Users/lee/.javacpp/cache/ffmpeg-4.1.3-1.5-macosx-x86_64.jar/org/bytedeco/ffmpeg/macosx-x86_64/libavdevice.58.dylib
0x000000000bcbf000 	/System/Library/Frameworks/AVFoundation.framework/Versions/A/AVFoundation
0x000000000bcbf000 	/System/Library/Frameworks/AVFoundation.framework/Versions/A/Frameworks/AVFAudio.framework/Versions/A/AVFAudio
0x000000000bcbf000 	/System/Library/Frameworks/MediaToolbox.framework/Versions/A/MediaToolbox
0x000000000bcbf000 	/System/Library/PrivateFrameworks/IntlPreferences.framework/Versions/A/IntlPreferences
0x000000000bcbf000 	/System/Library/Frameworks/CoreMediaIO.framework/Versions/A/CoreMediaIO
0x000000000bcbf000 	/System/Library/PrivateFrameworks/CoreAVCHD.framework/Versions/A/CoreAVCHD
0x000000000bcbf000 	/System/Library/Frameworks/MediaAccessibility.framework/Versions/A/MediaAccessibility
0x000000000bcbf000 	/System/Library/PrivateFrameworks/Mangrove.framework/Versions/A/Mangrove
0x000000000bcbf000 	/System/Library/PrivateFrameworks/CoreAUC.framework/Versions/A/CoreAUC
0x000000000bcbf000 	/System/Library/PrivateFrameworks/XPCService.framework/Versions/A/XPCService
0x000000000bcbf000 	/System/Library/PrivateFrameworks/AppSandbox.framework/Versions/A/AppSandbox
0x000000000bcbf000 	/usr/lib/libsandbox.1.dylib
0x000000000bcbf000 	/System/Library/PrivateFrameworks/AppContainer.framework/Versions/A/AppContainer
0x000000000bcbf000 	/System/Library/PrivateFrameworks/SecCodeWrapper.framework/Versions/A/SecCodeWrapper
0x000000000bcbf000 	/usr/lib/libMatch.1.dylib
0x000000012a4e4000 	/Users/lee/.javacpp/cache/ffmpeg-4.1.3-1.5-macosx-x86_64.jar/org/bytedeco/ffmpeg/macosx-x86_64/libjniavdevice.dylib
0x000000012a503000 	/System/Library/Extensions/AppleHDA.kext/Contents/PlugIns/AppleHDAHALPlugIn.bundle/Contents/MacOS/AppleHDAHALPlugIn
0x000000012a50d000 	/Library/CoreMediaIO/Plug-Ins/DAL/AppleCamera.plugin/Contents/MacOS/AppleCamera
0x000000012a537000 	/System/Library/Frameworks/CoreMediaIO.framework/Resources/VDC.plugin/Contents/MacOS/VDC
0x000000012a570000 	/System/Library/Frameworks/CoreMediaIO.framework/Resources/CMIOUnits.bundle/Contents/MacOS/CMIOUnits
0x000000012a6fd000 	/System/Library/PrivateFrameworks/FWAVC.framework/Versions/A/FWAVC
0x000000012a742000 	/System/Library/Components/CoreAudio.component/Contents/MacOS/CoreAudio
0x000000000bcbf000 	/System/Library/PrivateFrameworks/CoreServicesInternal.framework/Versions/A/CoreServicesInternal

VM Arguments:
jvm_args: -Dfile.encoding=UTF-8 
java_command: Main
java_class_path (initial): /Library/Java/JavaVirtualMachines/jdk1.8.0_73.jdk/Contents/Home/jre/lib/charsets.jar:/Library/Java/JavaVirtualMachines/jdk1.8.0_73.jdk/Contents/Home/jre/lib/deploy.jar:/Library/Java/JavaVirtualMachines/jdk1.8.0_73.jdk/Contents/Home/jre/lib/ext/cldrdata.jar:/Library/Java/JavaVirtualMachines/jdk1.8.0_73.jdk/Contents/Home/jre/lib/ext/dnsns.jar:/Library/Java/JavaVirtualMachines/jdk1.8.0_73.jdk/Contents/Home/jre/lib/ext/jaccess.jar:/Library/Java/JavaVirtualMachines/jdk1.8.0_73.jdk/Contents/Home/jre/lib/ext/jfxrt.jar:/Library/Java/JavaVirtualMachines/jdk1.8.0_73.jdk/Contents/Home/jre/lib/ext/localedata.jar:/Library/Java/JavaVirtualMachines/jdk1.8.0_73.jdk/Contents/Home/jre/lib/ext/nashorn.jar:/Library/Java/JavaVirtualMachines/jdk1.8.0_73.jdk/Contents/Home/jre/lib/ext/sunec.jar:/Library/Java/JavaVirtualMachines/jdk1.8.0_73.jdk/Contents/Home/jre/lib/ext/sunjce_provider.jar:/Library/Java/JavaVirtualMachines/jdk1.8.0_73.jdk/Contents/Home/jre/lib/ext/sunpkcs11.jar:/Library/Java/JavaVirtualMachines/jdk1.8.0_73.jdk/Contents/Home/jre/lib/ext/zipfs.jar:/Library/Java/JavaVirtualMachines/jdk1.8.0_73.jdk/Contents/Home/jre/lib/javaws.jar:/Library/Java/JavaVirtualMachines/jdk1.8.0_73.jdk/Contents/Home/jre/lib/jce.jar:/Library/Java/JavaVirtualMachines/jdk1.8.0_73.jdk/Contents/Home/jre/lib/jfr.jar:/Library/Java/JavaVirtualMachines/jdk1.8.0_73.jdk/Contents/Home/jre/lib/jfxswt.jar:/Library/Java/JavaVirtualMachines/jdk1.8.0_73.jdk/Contents/Home/jre/lib/jsse.jar:/Library/Java/JavaVirtualMachines/jdk1.8.0_73.jdk/Contents/Home/jre/lib/management-agent.jar:/Library/Java/JavaVirtualMachines/jdk1.8.0_73.jdk/Contents/Home/jre/lib/plugin.jar:/Library/Java/JavaVirtualMachines/jdk1.8.0_73.jdk/Contents/Home/jre/lib/resources.jar:/Library/Java/JavaVirtualMachines/jdk1.8.0_73.jdk/Contents/Home/jre/lib/rt.jar:/Library/Java/JavaVirtualMachines/jdk1.8.0_73.jdk/Contents/Home/lib/ant-javafx.jar:/Library/Java/JavaVirtualMachines/jdk1.8.0_73.jdk/Contents/Home/lib/dt.jar:/Library/Ja
Launcher Type: SUN_STANDARD

Environment Variables:
JAVA_HOME=/Library/Java/JavaVirtualMachines/jdk1.8.0_73.jdk/Contents/Home
CLASSPATH=.:/usr/local/lib/antlr-4.7.1-complete.jar:
PATH=/usr/local/ffmpeg/bin:/usr/local/opt/tcl-tk/bin:/Users/lee/Downloads/maven3.3.9/bin:/Users/lee/Library/Ant197/bin:/Users/lee/Library/Tomcat8/bin:/Library/Frameworks/Python.framework/Versions/3.5/bin:/usr/local/bin:/usr/bin:/bin:/usr/sbin:/sbin:/usr/local/go/bin:/Applications/Wireshark.app/Contents/MacOS:/usr/local/mysql/bin:/Users/lee/go/bin:/Users/lee/gocode//bin:/opt/oracle/instantclient    :~/data/arthas/arthas
SHELL=/bin/bash

Signal Handlers:
SIGSEGV: [libjvm.dylib+0x5a71a5], sa_mask[0]=11111111011111110111111111111111, sa_flags=SA_ONSTACK|SA_RESTART|SA_SIGINFO
SIGBUS: [libjvm.dylib+0x5a71a5], sa_mask[0]=11111111011111110111111111111111, sa_flags=SA_RESTART|SA_SIGINFO
SIGFPE: [libjvm.dylib+0x480eb4], sa_mask[0]=11111111011111110111111111111111, sa_flags=SA_RESTART|SA_SIGINFO
SIGPIPE: [libjvm.dylib+0x480eb4], sa_mask[0]=11111111011111110111111111111111, sa_flags=SA_RESTART|SA_SIGINFO
SIGXFSZ: [libjvm.dylib+0x480eb4], sa_mask[0]=11111111011111110111111111111111, sa_flags=SA_RESTART|SA_SIGINFO
SIGILL: [libjvm.dylib+0x480eb4], sa_mask[0]=11111111011111110111111111111111, sa_flags=SA_RESTART|SA_SIGINFO
SIGUSR1: SIG_DFL, sa_mask[0]=00000000000000000000000000000000, sa_flags=none
SIGUSR2: [libjvm.dylib+0x4809d2], sa_mask[0]=00100000000000000000000000000000, sa_flags=SA_RESTART|SA_SIGINFO
SIGHUP: [libjvm.dylib+0x47efa9], sa_mask[0]=11111111011111110111111111111111, sa_flags=SA_RESTART|SA_SIGINFO
SIGINT: [libjvm.dylib+0x47efa9], sa_mask[0]=11111111011111110111111111111111, sa_flags=SA_RESTART|SA_SIGINFO
SIGTERM: [libjvm.dylib+0x47efa9], sa_mask[0]=11111111011111110111111111111111, sa_flags=SA_RESTART|SA_SIGINFO
SIGQUIT: [libjvm.dylib+0x47efa9], sa_mask[0]=11111111011111110111111111111111, sa_flags=SA_RESTART|SA_SIGINFO


---------------  S Y S T E M  ---------------

OS:Bsduname:Darwin 16.7.0 Darwin Kernel Version 16.7.0: Sun Jun  2 20:26:31 PDT 2019; root:xnu-3789.73.50~1/RELEASE_X86_64 x86_64
rlimit: STACK 8192k, CORE 0k, NPROC 709, NOFILE 10240, AS infinity
load average:6.67 6.23 5.15

CPU:total 4 (2 cores per cpu, 2 threads per core) family 6 model 61 stepping 4, cmov, cx8, fxsr, mmx, sse, sse2, sse3, ssse3, sse4.1, sse4.2, popcnt, avx, avx2, aes, clmul, erms, 3dnowpref, lzcnt, ht, tsc, tscinvbit, bmi1, bmi2, adx

Memory: 4k page, physical 8388608k(30952k free)

/proc/meminfo:


vm_info: Java HotSpot(TM) 64-Bit Server VM (25.73-b02) for bsd-amd64 JRE (1.8.0_73-b02), built on Jan 29 2016 15:02:00 by "java_re" with gcc 4.2.1 (Based on Apple Inc. build 5658) (LLVM build 2336.11.00)

time: Wed May  4 11:12:17 2022
elapsed time: 2 seconds (0d 0h 0m 2s)

