#
# A fatal error has been detected by the Java Runtime Environment:
#
#  SIGSEGV (0xb) at pc=0x000000011579b1a7, pid=36763, tid=7171
#
# JRE version: Java(TM) SE Runtime Environment (8.0_73-b02) (build 1.8.0_73-b02)
# Java VM: Java HotSpot(TM) 64-Bit Server VM (25.73-b02 mixed mode bsd-amd64 compressed oops)
# Problematic frame:
# C  [libavcodec.58.dylib+0xc01a7]  av_init_packet+0x7
#
# Failed to write core dump. Core dumps have been disabled. To enable core dumping, try "ulimit -c unlimited" before starting Java again
#
# If you would like to submit a bug report, please visit:
#   http://bugreport.java.com/bugreport/crash.jsp
# The crash happened outside the Java Virtual Machine in native code.
# See problematic frame for where to report the bug.
#

---------------  T H R E A D  ---------------

Current thread (0x00007f971d803800):  JavaThread "main" [_thread_in_native, id=7171, stack(0x000070000d2ce000,0x000070000d3ce000)]

siginfo: si_signo: 11 (SIGSEGV), si_code: 1 (SEGV_MAPERR), si_addr: 0x0000000000000008

Registers:
RAX=0x64242c4d957e009b, RBX=0x00000001122e2598, RCX=0x0000000000000000, RDX=0x00007f971d450b80
RSP=0x000070000d3cd5d8, RBP=0x000070000d3cd830, RSI=0x0000000000000000, RDI=0x0000000000000000
R8 =0x0000000119441f02, R9 =0x000000079583d8d8, R10=0x0000000119395110, R11=0x000000011579b1a0
R12=0x8000000000000000, R13=0x0000000000000000, R14=0x0000000000000000, R15=0x00007f971d8dea00
RIP=0x000000011579b1a7, EFLAGS=0x0000000000010206, ERR=0x0000000000000006
  TRAPNO=0x000000000000000e

Top of Stack: (sp=0x000070000d3cd5d8)
0x000070000d3cd5d8:   000000011857f864 0000000000000000
0x000070000d3cd5e8:   0000000000000000 0000000000000000
0x000070000d3cd5f8:   0000000000000000 0000000000000000
0x000070000d3cd608:   0000000000000000 0000000000000000
0x000070000d3cd618:   0000000000000000 0000000000000000
0x000070000d3cd628:   0000000000000000 0000000000000000
0x000070000d3cd638:   0000000000000000 0000000000000000
0x000070000d3cd648:   0000000000000000 0000000000000000
0x000070000d3cd658:   0000000000000000 0000000000000000
0x000070000d3cd668:   0000000000000000 0000000000000000
0x000070000d3cd678:   0000000000000000 0000000000000000
0x000070000d3cd688:   0000000000000000 0000000000000000
0x000070000d3cd698:   0000000000000000 0000000000000000
0x000070000d3cd6a8:   0000000000000000 0000000000000000
0x000070000d3cd6b8:   0000000000000000 00000001122e2598
0x000070000d3cd6c8:   00000001122e2598 00007f971d803800
0x000070000d3cd6d8:   0000000200000002 0000700000000002
0x000070000d3cd6e8:   00007f971d40aaa0 0000000300000000
0x000070000d3cd6f8:   0000000000000008 00000001122e2598
0x000070000d3cd708:   00007f971d803800 0000000e0b682a00
0x000070000d3cd718:   00000001122e2598 000070000d3cd770
0x000070000d3cd728:   0000000000000003 64242c4d957e009b
0x000070000d3cd738:   00000001122e2598 00007f971d8dea00
0x000070000d3cd748:   0000000000000000 000070000d3cd858
0x000070000d3cd758:   8000000000000000 000070000d3cd830
0x000070000d3cd768:   000000011857f750 00007f971d803800
0x000070000d3cd778:   00000001122e2598 000000079583d8d8
0x000070000d3cd788:   0000000119441f02 0000000000000000
0x000070000d3cd798:   00000001122e2598 0000000000000000
0x000070000d3cd7a8:   00000001122e2598 0000000000000000
0x000070000d3cd7b8:   00000001122e2590 000070000d3cd858
0x000070000d3cd7c8:   00007f971d803800 000070000d3cd830 

Instructions: (pc=0x000000011579b1a7)
0x000000011579b187:   44 0a 00 48 89 df 5b e9 7b 6e d5 01 5b c3 90 90
0x000000011579b197:   90 90 90 90 90 90 90 90 90 0f 28 05 89 c5 db 01
0x000000011579b1a7:   0f 11 47 08 48 c7 c0 ff ff ff ff 66 48 0f 6e c0
0x000000011579b1b7:   66 0f 73 f8 08 f3 0f 7f 47 40 48 c7 47 50 00 00 

Register to memory mapping:

RAX=0x64242c4d957e009b is an unknown value
RBX={method} {0x00000001122e2598} 'av_read_frame' '(Lorg/bytedeco/ffmpeg/avformat/AVFormatContext;Lorg/bytedeco/ffmpeg/avcodec/AVPacket;)I' in 'org/bytedeco/ffmpeg/global/avformat'
RCX=0x0000000000000000 is an unknown value
RDX=0x00007f971d450b80 is an unknown value
RSP=0x000070000d3cd5d8 is pointing into the stack for thread: 0x00007f971d803800
RBP=0x000070000d3cd830 is pointing into the stack for thread: 0x00007f971d803800
RSI=0x0000000000000000 is an unknown value
RDI=0x0000000000000000 is an unknown value
R8 =0x0000000119441f02 is at code_begin+34 in 
[CodeBlob (0x0000000119441e90)]
Framesize: 0
BufferBlob (0x0000000119441e90) used for Signature Handler Temp Buffer
R9 =0x000000079583d8d8 is an oop
org.bytedeco.ffmpeg.avformat.AVFormatContext 
 - klass: 'org/bytedeco/ffmpeg/avformat/AVFormatContext'
R10=0x0000000119395110 is an unknown value
R11=0x000000011579b1a0: av_init_packet+0 in /Users/lee/.javacpp/cache/ffmpeg-4.1.3-1.5-macosx-x86_64.jar/org/bytedeco/ffmpeg/macosx-x86_64/libavcodec.58.dylib at 0x00000001156db000
R12=0x8000000000000000 is an unknown value
R13=0x0000000000000000 is an unknown value
R14=0x0000000000000000 is an unknown value
R15=0x00007f971d8dea00 is an unknown value


Stack: [0x000070000d2ce000,0x000070000d3ce000],  sp=0x000070000d3cd5d8,  free space=1021k
Native frames: (J=compiled Java code, j=interpreted, Vv=VM code, C=native code)
C  [libavcodec.58.dylib+0xc01a7]  av_init_packet+0x7
j  Resample.resampleFromAudioDevice()V+99
j  Main.main([Ljava/lang/String;)V+20
v  ~StubRoutines::call_stub
V  [libjvm.dylib+0x2eae7a]
V  [libjvm.dylib+0x321bec]
V  [libjvm.dylib+0x31a966]
C  [java+0x393e]  JavaMain+0x9b1
C  [libsystem_pthread.dylib+0x393b]  _pthread_body+0xb4
C  [libsystem_pthread.dylib+0x3887]  _pthread_body+0x0
C  [libsystem_pthread.dylib+0x308d]  thread_start+0xd
C  0x0000000000000000

Java frames: (J=compiled Java code, j=interpreted, Vv=VM code)
j  org.bytedeco.ffmpeg.global.avformat.av_read_frame(Lorg/bytedeco/ffmpeg/avformat/AVFormatContext;Lorg/bytedeco/ffmpeg/avcodec/AVPacket;)I+0
j  Resample.resampleFromAudioDevice()V+99
j  Main.main([Ljava/lang/String;)V+20
v  ~StubRoutines::call_stub

---------------  P R O C E S S  ---------------

Java Threads: ( => current thread )
  0x00007f971d888000 JavaThread "Attach Listener" daemon [_thread_blocked, id=20227, stack(0x000070000e1fb000,0x000070000e2fb000)]
  0x00007f971d90a800 JavaThread "JavaCPP Deallocator" daemon [_thread_blocked, id=19715, stack(0x000070000e0f8000,0x000070000e1f8000)]
  0x00007f971d810800 JavaThread "Service Thread" daemon [_thread_blocked, id=18691, stack(0x000070000def2000,0x000070000dff2000)]
  0x00007f971f029000 JavaThread "C1 CompilerThread2" daemon [_thread_blocked, id=18179, stack(0x000070000ddef000,0x000070000deef000)]
  0x00007f971e886000 JavaThread "C2 CompilerThread1" daemon [_thread_blocked, id=17667, stack(0x000070000dcec000,0x000070000ddec000)]
  0x00007f971e811800 JavaThread "C2 CompilerThread0" daemon [_thread_blocked, id=17155, stack(0x000070000dbe9000,0x000070000dce9000)]
  0x00007f971f028800 JavaThread "Signal Dispatcher" daemon [_thread_blocked, id=16643, stack(0x000070000dae6000,0x000070000dbe6000)]
  0x00007f971f020800 JavaThread "Finalizer" daemon [_thread_blocked, id=12547, stack(0x000070000d9e3000,0x000070000dae3000)]
  0x00007f971f01f800 JavaThread "Reference Handler" daemon [_thread_blocked, id=12035, stack(0x000070000d8e0000,0x000070000d9e0000)]
=>0x00007f971d803800 JavaThread "main" [_thread_in_native, id=7171, stack(0x000070000d2ce000,0x000070000d3ce000)]

Other Threads:
  0x00007f971f01d000 VMThread [stack: 0x000070000d7dd000,0x000070000d8dd000] [id=11523]
  0x00007f971e053800 WatcherThread [stack: 0x000070000dff5000,0x000070000e0f5000] [id=19203]

VM state:not at safepoint (normal execution)

VM Mutex/Monitor currently owned by a thread: None

Heap:
 PSYoungGen      total 38400K, used 4945K [0x0000000795580000, 0x0000000798000000, 0x00000007c0000000)
  eden space 33280K, 8% used [0x0000000795580000,0x0000000795852278,0x0000000797600000)
  from space 5120K, 40% used [0x0000000797600000,0x0000000797802380,0x0000000797b00000)
  to   space 5120K, 0% used [0x0000000797b00000,0x0000000797b00000,0x0000000798000000)
 ParOldGen       total 87552K, used 8K [0x0000000740000000, 0x0000000745580000, 0x0000000795580000)
  object space 87552K, 0% used [0x0000000740000000,0x0000000740002000,0x0000000745580000)
 Metaspace       used 5690K, capacity 6054K, committed 6400K, reserved 1056768K
  class space    used 646K, capacity 657K, committed 768K, reserved 1048576K

Card table byte_map: [0x000000010d34d000,0x000000010d74e000] byte_map_base: 0x000000010994d000

Marking Bits: (ParMarkBitMap*) 0x000000010c8e3ea0
 Begin Bits: [0x000000010d9f9000, 0x000000010f9f9000)
 End Bits:   [0x000000010f9f9000, 0x00000001119f9000)

Polling page: 0x000000010b737000

CodeCache: size=245760Kb used=2445Kb max_used=2445Kb free=243314Kb
 bounds [0x00000001193e1000, 0x0000000119651000, 0x00000001283e1000]
 total_blobs=816 nmethods=513 adapters=217
 compilation: enabled

Compilation events (10 events):
Event: 2.222 Thread 0x00007f971f029000  506   !   3       java.lang.ref.Finalizer::runFinalizer (62 bytes)
Event: 2.223 Thread 0x00007f971f029000 nmethod 506 0x0000000119642c90 code [0x0000000119642e40, 0x00000001196436b8]
Event: 2.223 Thread 0x00007f971f029000  510       3       java.net.URI$Parser::checkChars (44 bytes)
Event: 2.224 Thread 0x00007f971f029000 nmethod 510 0x0000000119643950 code [0x0000000119643b40, 0x0000000119644468]
Event: 2.225 Thread 0x00007f971f029000  511       3       sun.nio.fs.NativeBuffer::address (5 bytes)
Event: 2.225 Thread 0x00007f971f029000 nmethod 511 0x00000001196449d0 code [0x0000000119644b20, 0x0000000119644c70]
Event: 2.230 Thread 0x00007f971f029000  512       3       java.lang.Character::isLetterOrDigit (5 bytes)
Event: 2.231 Thread 0x00007f971f029000 nmethod 512 0x0000000119644cd0 code [0x0000000119644e60, 0x00000001196451b8]
Event: 2.231 Thread 0x00007f971f029000  513       3       java.lang.Character::isLetterOrDigit (19 bytes)
Event: 2.231 Thread 0x00007f971f029000 nmethod 513 0x0000000119645350 code [0x00000001196454e0, 0x00000001196457d8]

GC Heap History (2 events):
Event: 2.196 GC heap before
{Heap before GC invocations=1 (full 0):
 PSYoungGen      total 38400K, used 33280K [0x0000000795580000, 0x0000000798000000, 0x00000007c0000000)
  eden space 33280K, 100% used [0x0000000795580000,0x0000000797600000,0x0000000797600000)
  from space 5120K, 0% used [0x0000000797b00000,0x0000000797b00000,0x0000000798000000)
  to   space 5120K, 0% used [0x0000000797600000,0x0000000797600000,0x0000000797b00000)
 ParOldGen       total 87552K, used 0K [0x0000000740000000, 0x0000000745580000, 0x0000000795580000)
  object space 87552K, 0% used [0x0000000740000000,0x0000000740000000,0x0000000745580000)
 Metaspace       used 5675K, capacity 6054K, committed 6400K, reserved 1056768K
  class space    used 646K, capacity 657K, committed 768K, reserved 1048576K
Event: 2.200 GC heap after
Heap after GC invocations=1 (full 0):
 PSYoungGen      total 38400K, used 2056K [0x0000000795580000, 0x0000000798000000, 0x00000007c0000000)
  eden space 33280K, 0% used [0x0000000795580000,0x0000000795580000,0x0000000797600000)
  from space 5120K, 40% used [0x0000000797600000,0x0000000797802380,0x0000000797b00000)
  to   space 5120K, 0% used [0x0000000797b00000,0x0000000797b00000,0x0000000798000000)
 ParOldGen       total 87552K, used 8K [0x0000000740000000, 0x0000000745580000, 0x0000000795580000)
  object space 87552K, 0% used [0x0000000740000000,0x0000000740002000,0x0000000745580000)
 Metaspace       used 5675K, capacity 6054K, committed 6400K, reserved 1056768K
  class space    used 646K, capacity 657K, committed 768K, reserved 1048576K
}

Deoptimization events (0 events):
No events

Internal exceptions (10 events):
Event: 0.277 Thread 0x00007f971d803800 Exception <a 'java/security/PrivilegedActionException'> (0x00000007957940e8) thrown at [/HUDSON3/workspace/8-2-build-macosx-x86_64/jdk8u73/6086/hotspot/src/share/vm/prims/jvm.cpp, line 1386]
Event: 0.277 Thread 0x00007f971d803800 Exception <a 'java/security/PrivilegedActionException'> (0x00000007957942f8) thrown at [/HUDSON3/workspace/8-2-build-macosx-x86_64/jdk8u73/6086/hotspot/src/share/vm/prims/jvm.cpp, line 1386]
Event: 0.277 Thread 0x00007f971d803800 Exception <a 'java/security/PrivilegedActionException'> (0x0000000795795180) thrown at [/HUDSON3/workspace/8-2-build-macosx-x86_64/jdk8u73/6086/hotspot/src/share/vm/prims/jvm.cpp, line 1386]
Event: 0.277 Thread 0x00007f971d803800 Exception <a 'java/security/PrivilegedActionException'> (0x0000000795795390) thrown at [/HUDSON3/workspace/8-2-build-macosx-x86_64/jdk8u73/6086/hotspot/src/share/vm/prims/jvm.cpp, line 1386]
Event: 0.293 Thread 0x00007f971d803800 Exception <a 'java/security/PrivilegedActionException'> (0x00000007957aaae8) thrown at [/HUDSON3/workspace/8-2-build-macosx-x86_64/jdk8u73/6086/hotspot/src/share/vm/prims/jvm.cpp, line 1386]
Event: 0.293 Thread 0x00007f971d803800 Exception <a 'java/security/PrivilegedActionException'> (0x00000007957aaee0) thrown at [/HUDSON3/workspace/8-2-build-macosx-x86_64/jdk8u73/6086/hotspot/src/share/vm/prims/jvm.cpp, line 1386]
Event: 0.338 Thread 0x00007f971d803800 Exception <a 'java/security/PrivilegedActionException'> (0x00000007957fe6b0) thrown at [/HUDSON3/workspace/8-2-build-macosx-x86_64/jdk8u73/6086/hotspot/src/share/vm/prims/jvm.cpp, line 1386]
Event: 0.338 Thread 0x00007f971d803800 Exception <a 'java/security/PrivilegedActionException'> (0x00000007957fe8c0) thrown at [/HUDSON3/workspace/8-2-build-macosx-x86_64/jdk8u73/6086/hotspot/src/share/vm/prims/jvm.cpp, line 1386]
Event: 0.339 Thread 0x00007f971d803800 Exception <a 'java/security/PrivilegedActionException'> (0x0000000795801b60) thrown at [/HUDSON3/workspace/8-2-build-macosx-x86_64/jdk8u73/6086/hotspot/src/share/vm/prims/jvm.cpp, line 1386]
Event: 0.339 Thread 0x00007f971d803800 Exception <a 'java/security/PrivilegedActionException'> (0x0000000795801d70) thrown at [/HUDSON3/workspace/8-2-build-macosx-x86_64/jdk8u73/6086/hotspot/src/share/vm/prims/jvm.cpp, line 1386]

Events (10 events):
Event: 2.048 loading class org/bytedeco/ffmpeg/avdevice/AVDeviceCapabilitiesQuery
Event: 2.048 loading class org/bytedeco/ffmpeg/avdevice/AVDeviceCapabilitiesQuery done
Event: 2.049 loading class org/bytedeco/ffmpeg/avdevice/AVDeviceInfo
Event: 2.049 loading class org/bytedeco/ffmpeg/avdevice/AVDeviceInfo done
Event: 2.050 loading class org/bytedeco/ffmpeg/avdevice/AVDeviceInfoList
Event: 2.050 loading class org/bytedeco/ffmpeg/avdevice/AVDeviceInfoList done
Event: 2.051 loading class org/bytedeco/ffmpeg/avdevice/AVDeviceRect
Event: 2.051 loading class org/bytedeco/ffmpeg/avdevice/AVDeviceRect done
Event: 2.196 Executing VM operation: ParallelGCFailedAllocation
Event: 2.200 Executing VM operation: ParallelGCFailedAllocation done


Dynamic libraries:
0x000000000bcbf000 	/System/Library/Frameworks/Cocoa.framework/Versions/A/Cocoa
0x000000000bcbf000 	/System/Library/Frameworks/Security.framework/Versions/A/Security
0x000000000bcbf000 	/System/Library/Frameworks/ApplicationServices.framework/Versions/A/ApplicationServices
0x000000000bcbf000 	/usr/lib/libz.1.dylib
0x000000000bcbf000 	/usr/lib/libSystem.B.dylib
0x000000000bcbf000 	/usr/lib/libobjc.A.dylib
0x000000000bcbf000 	/System/Library/Frameworks/CoreFoundation.framework/Versions/A/CoreFoundation
0x000000000bcbf000 	/System/Library/Frameworks/Foundation.framework/Versions/C/Foundation
0x000000000bcbf000 	/System/Library/Frameworks/AppKit.framework/Versions/C/AppKit
0x000000000bcbf000 	/System/Library/Frameworks/CoreData.framework/Versions/A/CoreData
0x000000000bcbf000 	/System/Library/PrivateFrameworks/RemoteViewServices.framework/Versions/A/RemoteViewServices
0x000000000bcbf000 	/System/Library/PrivateFrameworks/UIFoundation.framework/Versions/A/UIFoundation
0x000000000bcbf000 	/System/Library/PrivateFrameworks/DFRFoundation.framework/Versions/A/DFRFoundation
0x000000000bcbf000 	/usr/lib/libenergytrace.dylib
0x000000000bcbf000 	/System/Library/PrivateFrameworks/SkyLight.framework/Versions/A/SkyLight
0x000000000bcbf000 	/System/Library/Frameworks/CoreGraphics.framework/Versions/A/CoreGraphics
0x000000000bcbf000 	/usr/lib/libScreenReader.dylib
0x000000000bcbf000 	/System/Library/Frameworks/Accelerate.framework/Versions/A/Accelerate
0x000000000bcbf000 	/System/Library/Frameworks/IOSurface.framework/Versions/A/IOSurface
0x000000000bcbf000 	/System/Library/Frameworks/AudioToolbox.framework/Versions/A/AudioToolbox
0x000000000bcbf000 	/System/Library/Frameworks/AudioUnit.framework/Versions/A/AudioUnit
0x000000000bcbf000 	/System/Library/PrivateFrameworks/DataDetectorsCore.framework/Versions/A/DataDetectorsCore
0x000000000bcbf000 	/System/Library/PrivateFrameworks/DesktopServicesPriv.framework/Versions/A/DesktopServicesPriv
0x000000000bcbf000 	/System/Library/Frameworks/Carbon.framework/Versions/A/Frameworks/HIToolbox.framework/Versions/A/HIToolbox
0x000000000bcbf000 	/usr/lib/libicucore.A.dylib
0x000000000bcbf000 	/System/Library/Frameworks/QuartzCore.framework/Versions/A/QuartzCore
0x000000000bcbf000 	/System/Library/Frameworks/Carbon.framework/Versions/A/Frameworks/SpeechRecognition.framework/Versions/A/SpeechRecognition
0x000000000bcbf000 	/usr/lib/libauto.dylib
0x000000000bcbf000 	/usr/lib/libxml2.2.dylib
0x000000000bcbf000 	/System/Library/PrivateFrameworks/CoreUI.framework/Versions/A/CoreUI
0x000000000bcbf000 	/System/Library/Frameworks/CoreAudio.framework/Versions/A/CoreAudio
0x000000000bcbf000 	/System/Library/Frameworks/DiskArbitration.framework/Versions/A/DiskArbitration
0x000000000bcbf000 	/usr/lib/liblangid.dylib
0x000000000bcbf000 	/System/Library/PrivateFrameworks/MultitouchSupport.framework/Versions/A/MultitouchSupport
0x000000000bcbf000 	/System/Library/Frameworks/IOKit.framework/Versions/A/IOKit
0x000000000bcbf000 	/usr/lib/libDiagnosticMessagesClient.dylib
0x000000000bcbf000 	/System/Library/Frameworks/CoreServices.framework/Versions/A/CoreServices
0x000000000bcbf000 	/System/Library/PrivateFrameworks/PerformanceAnalysis.framework/Versions/A/PerformanceAnalysis
0x000000000bcbf000 	/System/Library/PrivateFrameworks/GenerationalStorage.framework/Versions/A/GenerationalStorage
0x000000000bcbf000 	/System/Library/Frameworks/OpenGL.framework/Versions/A/OpenGL
0x000000000bcbf000 	/System/Library/Frameworks/CoreImage.framework/Versions/A/CoreImage
0x000000000bcbf000 	/System/Library/Frameworks/CoreText.framework/Versions/A/CoreText
0x000000000bcbf000 	/System/Library/Frameworks/ImageIO.framework/Versions/A/ImageIO
0x000000000bcbf000 	/System/Library/PrivateFrameworks/Backup.framework/Versions/A/Backup
0x000000000bcbf000 	/usr/lib/libarchive.2.dylib
0x000000000bcbf000 	/System/Library/Frameworks/CFNetwork.framework/Versions/A/CFNetwork
0x000000000bcbf000 	/System/Library/Frameworks/SystemConfiguration.framework/Versions/A/SystemConfiguration
0x000000000bcbf000 	/usr/lib/libCRFSuite.dylib
0x000000000bcbf000 	/usr/lib/libc++.1.dylib
0x000000000bcbf000 	/usr/lib/libc++abi.dylib
0x000000000bcbf000 	/usr/lib/system/libcache.dylib
0x000000000bcbf000 	/usr/lib/system/libcommonCrypto.dylib
0x000000000bcbf000 	/usr/lib/system/libcompiler_rt.dylib
0x000000000bcbf000 	/usr/lib/system/libcopyfile.dylib
0x000000000bcbf000 	/usr/lib/system/libcorecrypto.dylib
0x000000000bcbf000 	/usr/lib/system/libdispatch.dylib
0x000000000bcbf000 	/usr/lib/system/libdyld.dylib
0x000000000bcbf000 	/usr/lib/system/libkeymgr.dylib
0x000000000bcbf000 	/usr/lib/system/liblaunch.dylib
0x000000000bcbf000 	/usr/lib/system/libmacho.dylib
0x000000000bcbf000 	/usr/lib/system/libquarantine.dylib
0x000000000bcbf000 	/usr/lib/system/libremovefile.dylib
0x000000000bcbf000 	/usr/lib/system/libsystem_asl.dylib
0x000000000bcbf000 	/usr/lib/system/libsystem_blocks.dylib
0x000000000bcbf000 	/usr/lib/system/libsystem_c.dylib
0x000000000bcbf000 	/usr/lib/system/libsystem_configuration.dylib
0x000000000bcbf000 	/usr/lib/system/libsystem_coreservices.dylib
0x000000000bcbf000 	/usr/lib/system/libsystem_coretls.dylib
0x000000000bcbf000 	/usr/lib/system/libsystem_dnssd.dylib
0x000000000bcbf000 	/usr/lib/system/libsystem_info.dylib
0x000000000bcbf000 	/usr/lib/system/libsystem_kernel.dylib
0x000000000bcbf000 	/usr/lib/system/libsystem_m.dylib
0x000000000bcbf000 	/usr/lib/system/libsystem_malloc.dylib
0x000000000bcbf000 	/usr/lib/system/libsystem_network.dylib
0x000000000bcbf000 	/usr/lib/system/libsystem_networkextension.dylib
0x000000000bcbf000 	/usr/lib/system/libsystem_notify.dylib
0x000000000bcbf000 	/usr/lib/system/libsystem_platform.dylib
0x000000000bcbf000 	/usr/lib/system/libsystem_pthread.dylib
0x000000000bcbf000 	/usr/lib/system/libsystem_sandbox.dylib
0x000000000bcbf000 	/usr/lib/system/libsystem_secinit.dylib
0x000000000bcbf000 	/usr/lib/system/libsystem_symptoms.dylib
0x000000000bcbf000 	/usr/lib/system/libsystem_trace.dylib
0x000000000bcbf000 	/usr/lib/system/libunwind.dylib
0x000000000bcbf000 	/usr/lib/system/libxpc.dylib
0x000000000bcbf000 	/usr/lib/libbsm.0.dylib
0x000000000bcbf000 	/usr/lib/system/libkxld.dylib
0x000000000bcbf000 	/usr/lib/libcoretls.dylib
0x000000000bcbf000 	/usr/lib/libcoretls_cfhelpers.dylib
0x000000000bcbf000 	/usr/lib/libOpenScriptingUtil.dylib
0x000000000bcbf000 	/usr/lib/libpam.2.dylib
0x000000000bcbf000 	/usr/lib/libsqlite3.dylib
0x000000000bcbf000 	/usr/lib/libxar.1.dylib
0x000000000bcbf000 	/usr/lib/libbz2.1.0.dylib
0x000000000bcbf000 	/usr/lib/liblzma.5.dylib
0x000000000bcbf000 	/usr/lib/libnetwork.dylib
0x000000000bcbf000 	/usr/lib/libpcap.A.dylib
0x000000000bcbf000 	/System/Library/Frameworks/CoreServices.framework/Versions/A/Frameworks/FSEvents.framework/Versions/A/FSEvents
0x000000000bcbf000 	/System/Library/Frameworks/CoreServices.framework/Versions/A/Frameworks/CarbonCore.framework/Versions/A/CarbonCore
0x000000000bcbf000 	/System/Library/Frameworks/CoreServices.framework/Versions/A/Frameworks/Metadata.framework/Versions/A/Metadata
0x000000000bcbf000 	/System/Library/Frameworks/CoreServices.framework/Versions/A/Frameworks/OSServices.framework/Versions/A/OSServices
0x000000000bcbf000 	/System/Library/Frameworks/CoreServices.framework/Versions/A/Frameworks/SearchKit.framework/Versions/A/SearchKit
0x000000000bcbf000 	/System/Library/Frameworks/CoreServices.framework/Versions/A/Frameworks/AE.framework/Versions/A/AE
0x000000000bcbf000 	/System/Library/Frameworks/CoreServices.framework/Versions/A/Frameworks/LaunchServices.framework/Versions/A/LaunchServices
0x000000000bcbf000 	/System/Library/Frameworks/CoreServices.framework/Versions/A/Frameworks/DictionaryServices.framework/Versions/A/DictionaryServices
0x000000000bcbf000 	/System/Library/Frameworks/CoreServices.framework/Versions/A/Frameworks/SharedFileList.framework/Versions/A/SharedFileList
0x000000000bcbf000 	/System/Library/Frameworks/NetFS.framework/Versions/A/NetFS
0x000000000bcbf000 	/System/Library/PrivateFrameworks/NetAuth.framework/Versions/A/NetAuth
0x000000000bcbf000 	/System/Library/PrivateFrameworks/login.framework/Versions/A/Frameworks/loginsupport.framework/Versions/A/loginsupport
0x000000000bcbf000 	/System/Library/PrivateFrameworks/TCC.framework/Versions/A/TCC
0x000000000bcbf000 	/usr/lib/libmecabra.dylib
0x000000000bcbf000 	/System/Library/Frameworks/ApplicationServices.framework/Versions/A/Frameworks/ATS.framework/Versions/A/ATS
0x000000000bcbf000 	/System/Library/Frameworks/ApplicationServices.framework/Versions/A/Frameworks/ColorSync.framework/Versions/A/ColorSync
0x000000000bcbf000 	/System/Library/Frameworks/ApplicationServices.framework/Versions/A/Frameworks/HIServices.framework/Versions/A/HIServices
0x000000000bcbf000 	/System/Library/Frameworks/ApplicationServices.framework/Versions/A/Frameworks/LangAnalysis.framework/Versions/A/LangAnalysis
0x000000000bcbf000 	/System/Library/Frameworks/ApplicationServices.framework/Versions/A/Frameworks/PrintCore.framework/Versions/A/PrintCore
0x000000000bcbf000 	/System/Library/Frameworks/ApplicationServices.framework/Versions/A/Frameworks/QD.framework/Versions/A/QD
0x000000000bcbf000 	/System/Library/Frameworks/ApplicationServices.framework/Versions/A/Frameworks/SpeechSynthesis.framework/Versions/A/SpeechSynthesis
0x000000000bcbf000 	/System/Library/Frameworks/Accelerate.framework/Versions/A/Frameworks/vImage.framework/Versions/A/vImage
0x000000000bcbf000 	/System/Library/Frameworks/Accelerate.framework/Versions/A/Frameworks/vecLib.framework/Versions/A/vecLib
0x000000000bcbf000 	/System/Library/Frameworks/Accelerate.framework/Versions/A/Frameworks/vecLib.framework/Versions/A/libvDSP.dylib
0x000000000bcbf000 	/System/Library/Frameworks/Accelerate.framework/Versions/A/Frameworks/vecLib.framework/Versions/A/libBNNS.dylib
0x000000000bcbf000 	/System/Library/Frameworks/Accelerate.framework/Versions/A/Frameworks/vecLib.framework/Versions/A/libQuadrature.dylib
0x000000000bcbf000 	/System/Library/Frameworks/Accelerate.framework/Versions/A/Frameworks/vecLib.framework/Versions/A/libvMisc.dylib
0x000000000bcbf000 	/System/Library/Frameworks/Accelerate.framework/Versions/A/Frameworks/vecLib.framework/Versions/A/libLAPACK.dylib
0x000000000bcbf000 	/System/Library/Frameworks/Accelerate.framework/Versions/A/Frameworks/vecLib.framework/Versions/A/libBLAS.dylib
0x000000000bcbf000 	/System/Library/Frameworks/Accelerate.framework/Versions/A/Frameworks/vecLib.framework/Versions/A/libLinearAlgebra.dylib
0x000000000bcbf000 	/System/Library/Frameworks/Accelerate.framework/Versions/A/Frameworks/vecLib.framework/Versions/A/libSparseBLAS.dylib
0x000000000bcbf000 	/System/Library/Frameworks/ApplicationServices.framework/Versions/A/Frameworks/ATS.framework/Versions/A/Resources/libFontParser.dylib
0x000000000bcbf000 	/System/Library/Frameworks/ApplicationServices.framework/Versions/A/Frameworks/ATS.framework/Versions/A/Resources/libFontRegistry.dylib
0x000000000bcbf000 	/System/Library/Frameworks/ImageIO.framework/Versions/A/Resources/libJPEG.dylib
0x000000000bcbf000 	/System/Library/Frameworks/ImageIO.framework/Versions/A/Resources/libTIFF.dylib
0x000000000bcbf000 	/System/Library/Frameworks/ImageIO.framework/Versions/A/Resources/libPng.dylib
0x000000000bcbf000 	/System/Library/Frameworks/ImageIO.framework/Versions/A/Resources/libGIF.dylib
0x000000000bcbf000 	/System/Library/Frameworks/ImageIO.framework/Versions/A/Resources/libJP2.dylib
0x000000000bcbf000 	/System/Library/Frameworks/ImageIO.framework/Versions/A/Resources/libRadiance.dylib
0x000000000bcbf000 	/usr/lib/libcompression.dylib
0x000000000bcbf000 	/System/Library/PrivateFrameworks/AppleJPEG.framework/Versions/A/AppleJPEG
0x000000000bcbf000 	/usr/lib/libcups.2.dylib
0x000000000bcbf000 	/System/Library/Frameworks/Kerberos.framework/Versions/A/Kerberos
0x000000000bcbf000 	/System/Library/Frameworks/GSS.framework/Versions/A/GSS
0x000000000bcbf000 	/usr/lib/libresolv.9.dylib
0x000000000bcbf000 	/usr/lib/libiconv.2.dylib
0x000000000bcbf000 	/System/Library/PrivateFrameworks/Heimdal.framework/Versions/A/Heimdal
0x000000000bcbf000 	/usr/lib/libheimdal-asn1.dylib
0x000000000bcbf000 	/System/Library/Frameworks/OpenDirectory.framework/Versions/A/OpenDirectory
0x000000000bcbf000 	/System/Library/PrivateFrameworks/CommonAuth.framework/Versions/A/CommonAuth
0x000000000bcbf000 	/System/Library/Frameworks/OpenDirectory.framework/Versions/A/Frameworks/CFOpenDirectory.framework/Versions/A/CFOpenDirectory
0x000000000bcbf000 	/System/Library/Frameworks/SecurityFoundation.framework/Versions/A/SecurityFoundation
0x000000000bcbf000 	/System/Library/PrivateFrameworks/LanguageModeling.framework/Versions/A/LanguageModeling
0x000000000bcbf000 	/usr/lib/libmarisa.dylib
0x000000000bcbf000 	/usr/lib/libChineseTokenizer.dylib
0x000000000bcbf000 	/usr/lib/libcmph.dylib
0x000000000bcbf000 	/System/Library/PrivateFrameworks/CoreEmoji.framework/Versions/A/CoreEmoji
0x000000000bcbf000 	/System/Library/Frameworks/ServiceManagement.framework/Versions/A/ServiceManagement
0x000000000bcbf000 	/usr/lib/libxslt.1.dylib
0x000000000bcbf000 	/System/Library/Frameworks/Carbon.framework/Versions/A/Frameworks/Ink.framework/Versions/A/Ink
0x000000000bcbf000 	/System/Library/PrivateFrameworks/TextureIO.framework/Versions/A/TextureIO
0x000000000bcbf000 	/System/Library/Frameworks/Metal.framework/Versions/A/Metal
0x000000000bcbf000 	/usr/lib/libate.dylib
0x000000000bcbf000 	/System/Library/PrivateFrameworks/GPUCompiler.framework/libmetal_timestamp.dylib
0x000000000bcbf000 	/System/Library/Frameworks/OpenGL.framework/Versions/A/Libraries/libCoreFSCache.dylib
0x000000000bcbf000 	/System/Library/PrivateFrameworks/IOAccelerator.framework/Versions/A/IOAccelerator
0x000000000bcbf000 	/System/Library/Frameworks/CoreVideo.framework/Versions/A/CoreVideo
0x000000000bcbf000 	/usr/lib/libFosl_dynamic.dylib
0x000000000bcbf000 	/System/Library/PrivateFrameworks/MetalPerformanceShaders.framework/Versions/A/MetalPerformanceShaders
0x000000000bcbf000 	/System/Library/PrivateFrameworks/FaceCore.framework/Versions/A/FaceCore
0x000000000bcbf000 	/System/Library/Frameworks/OpenCL.framework/Versions/A/OpenCL
0x000000000bcbf000 	/System/Library/Frameworks/OpenGL.framework/Versions/A/Libraries/libGLU.dylib
0x000000000bcbf000 	/System/Library/Frameworks/OpenGL.framework/Versions/A/Libraries/libGFXShared.dylib
0x000000000bcbf000 	/System/Library/Frameworks/OpenGL.framework/Versions/A/Libraries/libGL.dylib
0x000000000bcbf000 	/System/Library/Frameworks/OpenGL.framework/Versions/A/Libraries/libGLImage.dylib
0x000000000bcbf000 	/System/Library/Frameworks/OpenGL.framework/Versions/A/Libraries/libCVMSPluginSupport.dylib
0x000000000bcbf000 	/System/Library/Frameworks/OpenGL.framework/Versions/A/Libraries/libCoreVMClient.dylib
0x000000000bcbf000 	/System/Library/PrivateFrameworks/CrashReporterSupport.framework/Versions/A/CrashReporterSupport
0x000000000bcbf000 	/System/Library/PrivateFrameworks/Sharing.framework/Versions/A/Sharing
0x000000000bcbf000 	/System/Library/PrivateFrameworks/IconServices.framework/Versions/A/IconServices
0x000000000bcbf000 	/System/Library/PrivateFrameworks/ProtocolBuffer.framework/Versions/A/ProtocolBuffer
0x000000000bcbf000 	/System/Library/PrivateFrameworks/Apple80211.framework/Versions/A/Apple80211
0x000000000bcbf000 	/System/Library/Frameworks/CoreWLAN.framework/Versions/A/CoreWLAN
0x000000000bcbf000 	/System/Library/PrivateFrameworks/CoreUtils.framework/Versions/A/CoreUtils
0x000000000bcbf000 	/System/Library/Frameworks/IOBluetooth.framework/Versions/A/IOBluetooth
0x000000000bcbf000 	/System/Library/PrivateFrameworks/CoreWiFi.framework/Versions/A/CoreWiFi
0x000000000bcbf000 	/System/Library/Frameworks/CoreBluetooth.framework/Versions/A/CoreBluetooth
0x000000000bcbf000 	/System/Library/Frameworks/CoreDisplay.framework/Versions/A/CoreDisplay
0x000000000bcbf000 	/System/Library/PrivateFrameworks/IOPresentment.framework/Versions/A/IOPresentment
0x000000000bcbf000 	/System/Library/PrivateFrameworks/DSExternalDisplay.framework/Versions/A/DSExternalDisplay
0x000000000bcbf000 	/System/Library/PrivateFrameworks/DebugSymbols.framework/Versions/A/DebugSymbols
0x000000000bcbf000 	/System/Library/PrivateFrameworks/CoreSymbolication.framework/Versions/A/CoreSymbolication
0x000000000bcbf000 	/System/Library/PrivateFrameworks/Symbolication.framework/Versions/A/Symbolication
0x000000000bcbf000 	/System/Library/PrivateFrameworks/AppleFSCompression.framework/Versions/A/AppleFSCompression
0x000000000bcbf000 	/System/Library/PrivateFrameworks/SpeechRecognitionCore.framework/Versions/A/SpeechRecognitionCore
0x000000000bcbf000 	/System/Library/PrivateFrameworks/ChunkingLibrary.framework/Versions/A/ChunkingLibrary
0x000000010b6b0000 	/System/Library/CoreServices/Encodings/libSimplifiedChineseConverter.dylib
0x000000010c000000 	/Library/Java/JavaVirtualMachines/jdk1.8.0_73.jdk/Contents/Home/jre/lib/server/libjvm.dylib
0x000000000bcbf000 	/usr/lib/libstdc++.6.dylib
0x000000010b6f4000 	/Library/Java/JavaVirtualMachines/jdk1.8.0_73.jdk/Contents/Home/jre/lib/libverify.dylib
0x000000010b702000 	/Library/Java/JavaVirtualMachines/jdk1.8.0_73.jdk/Contents/Home/jre/lib/libjava.dylib
0x000000010b741000 	/Library/Java/JavaVirtualMachines/jdk1.8.0_73.jdk/Contents/Home/jre/lib/libzip.dylib
0x0000000113844000 	/System/Library/Frameworks/JavaVM.framework/Frameworks/JavaRuntimeSupport.framework/JavaRuntimeSupport
0x000000011385e000 	/System/Library/Frameworks/JavaVM.framework/Versions/A/Frameworks/JavaNativeFoundation.framework/Versions/A/JavaNativeFoundation
0x0000000113873000 	/System/Library/Frameworks/JavaVM.framework/Versions/A/JavaVM
0x000000000bcbf000 	/System/Library/Frameworks/Carbon.framework/Versions/A/Carbon
0x0000000113880000 	/System/Library/PrivateFrameworks/JavaLaunching.framework/Versions/A/JavaLaunching
0x000000000bcbf000 	/System/Library/Frameworks/Carbon.framework/Versions/A/Frameworks/CommonPanels.framework/Versions/A/CommonPanels
0x000000000bcbf000 	/System/Library/Frameworks/Carbon.framework/Versions/A/Frameworks/Help.framework/Versions/A/Help
0x000000000bcbf000 	/System/Library/Frameworks/Carbon.framework/Versions/A/Frameworks/ImageCapture.framework/Versions/A/ImageCapture
0x000000000bcbf000 	/System/Library/Frameworks/Carbon.framework/Versions/A/Frameworks/OpenScripting.framework/Versions/A/OpenScripting
0x000000000bcbf000 	/System/Library/Frameworks/Carbon.framework/Versions/A/Frameworks/Print.framework/Versions/A/Print
0x000000000bcbf000 	/System/Library/Frameworks/Carbon.framework/Versions/A/Frameworks/SecurityHI.framework/Versions/A/SecurityHI
0x00000001152c6000 	/Users/lee/.javacpp/cache/ffmpeg-4.1.3-1.5-macosx-x86_64.jar/org/bytedeco/ffmpeg/macosx-x86_64/libavutil.56.dylib
0x000000000bcbf000 	/System/Library/Frameworks/VideoToolbox.framework/Versions/A/VideoToolbox
0x000000000bcbf000 	/System/Library/Frameworks/CoreMedia.framework/Versions/A/CoreMedia
0x000000000bcbf000 	/System/Library/PrivateFrameworks/AppleVA.framework/Versions/A/AppleVA
0x000000000bcbf000 	/usr/lib/libspindump.dylib
0x000000000bcbf000 	/usr/lib/libdscsym.dylib
0x0000000115330000 	/Library/Java/JavaVirtualMachines/jdk1.8.0_73.jdk/Contents/Home/jre/lib/libnio.dylib
0x0000000115340000 	/Library/Java/JavaVirtualMachines/jdk1.8.0_73.jdk/Contents/Home/jre/lib/./libnet.dylib
0x000000011539f000 	/Users/lee/.javacpp/cache/ffmpeg-4.1.3-1.5-macosx-x86_64.jar/org/bytedeco/ffmpeg/macosx-x86_64/libjniavutil.dylib
0x000000011566f000 	/Users/lee/.javacpp/cache/ffmpeg-4.1.3-1.5-macosx-x86_64.jar/org/bytedeco/ffmpeg/macosx-x86_64/libswresample.3.dylib
0x000000011568d000 	/Users/lee/.javacpp/cache/ffmpeg-4.1.3-1.5-macosx-x86_64.jar/org/bytedeco/ffmpeg/macosx-x86_64/libjniswresample.dylib
0x00000001156db000 	/Users/lee/.javacpp/cache/ffmpeg-4.1.3-1.5-macosx-x86_64.jar/org/bytedeco/ffmpeg/macosx-x86_64/libavcodec.58.dylib
0x00000001181e4000 	/Users/lee/.javacpp/cache/ffmpeg-4.1.3-1.5-macosx-x86_64.jar/org/bytedeco/ffmpeg/macosx-x86_64/libjniavcodec.dylib
0x000000011843f000 	/Users/lee/.javacpp/cache/ffmpeg-4.1.3-1.5-macosx-x86_64.jar/org/bytedeco/ffmpeg/macosx-x86_64/libavformat.58.dylib
0x0000000118895000 	/Users/lee/.javacpp/cache/ffmpeg-4.1.3-1.5-macosx-x86_64.jar/org/bytedeco/ffmpeg/macosx-x86_64/libjniavformat.dylib
0x00000001189d2000 	/Users/lee/.javacpp/cache/ffmpeg-4.1.3-1.5-macosx-x86_64.jar/org/bytedeco/ffmpeg/macosx-x86_64/libpostproc.55.dylib
0x00000001189f3000 	/Users/lee/.javacpp/cache/ffmpeg-4.1.3-1.5-macosx-x86_64.jar/org/bytedeco/ffmpeg/macosx-x86_64/libjnipostproc.dylib
0x0000000118a02000 	/Users/lee/.javacpp/cache/ffmpeg-4.1.3-1.5-macosx-x86_64.jar/org/bytedeco/ffmpeg/macosx-x86_64/libswscale.5.dylib
0x0000000118aa0000 	/Users/lee/.javacpp/cache/ffmpeg-4.1.3-1.5-macosx-x86_64.jar/org/bytedeco/ffmpeg/macosx-x86_64/libjniswscale.dylib
0x0000000118ab9000 	/Users/lee/.javacpp/cache/ffmpeg-4.1.3-1.5-macosx-x86_64.jar/org/bytedeco/ffmpeg/macosx-x86_64/libavfilter.7.dylib
0x0000000118dea000 	/Users/lee/.javacpp/cache/ffmpeg-4.1.3-1.5-macosx-x86_64.jar/org/bytedeco/ffmpeg/macosx-x86_64/libjniavfilter.dylib
0x0000000118e49000 	/Users/lee/.javacpp/cache/ffmpeg-4.1.3-1.5-macosx-x86_64.jar/org/bytedeco/ffmpeg/macosx-x86_64/libavdevice.58.dylib
0x000000000bcbf000 	/System/Library/Frameworks/AVFoundation.framework/Versions/A/AVFoundation
0x000000000bcbf000 	/System/Library/Frameworks/AVFoundation.framework/Versions/A/Frameworks/AVFAudio.framework/Versions/A/AVFAudio
0x000000000bcbf000 	/System/Library/Frameworks/MediaToolbox.framework/Versions/A/MediaToolbox
0x000000000bcbf000 	/System/Library/PrivateFrameworks/IntlPreferences.framework/Versions/A/IntlPreferences
0x000000000bcbf000 	/System/Library/Frameworks/CoreMediaIO.framework/Versions/A/CoreMediaIO
0x000000000bcbf000 	/System/Library/PrivateFrameworks/CoreAVCHD.framework/Versions/A/CoreAVCHD
0x000000000bcbf000 	/System/Library/Frameworks/MediaAccessibility.framework/Versions/A/MediaAccessibility
0x000000000bcbf000 	/System/Library/PrivateFrameworks/Mangrove.framework/Versions/A/Mangrove
0x000000000bcbf000 	/System/Library/PrivateFrameworks/CoreAUC.framework/Versions/A/CoreAUC
0x000000000bcbf000 	/System/Library/PrivateFrameworks/XPCService.framework/Versions/A/XPCService
0x000000000bcbf000 	/System/Library/PrivateFrameworks/AppSandbox.framework/Versions/A/AppSandbox
0x000000000bcbf000 	/usr/lib/libsandbox.1.dylib
0x000000000bcbf000 	/System/Library/PrivateFrameworks/AppContainer.framework/Versions/A/AppContainer
0x000000000bcbf000 	/System/Library/PrivateFrameworks/SecCodeWrapper.framework/Versions/A/SecCodeWrapper
0x000000000bcbf000 	/usr/lib/libMatch.1.dylib
0x0000000118e58000 	/Users/lee/.javacpp/cache/ffmpeg-4.1.3-1.5-macosx-x86_64.jar/org/bytedeco/ffmpeg/macosx-x86_64/libjniavdevice.dylib
0x0000000118e77000 	/System/Library/Extensions/AppleHDA.kext/Contents/PlugIns/AppleHDAHALPlugIn.bundle/Contents/MacOS/AppleHDAHALPlugIn
0x0000000118e81000 	/Library/CoreMediaIO/Plug-Ins/DAL/AppleCamera.plugin/Contents/MacOS/AppleCamera
0x0000000118eab000 	/System/Library/Frameworks/CoreMediaIO.framework/Resources/VDC.plugin/Contents/MacOS/VDC
0x0000000118ee4000 	/System/Library/Frameworks/CoreMediaIO.framework/Resources/CMIOUnits.bundle/Contents/MacOS/CMIOUnits
0x0000000119071000 	/System/Library/PrivateFrameworks/FWAVC.framework/Versions/A/FWAVC
0x00000001190b6000 	/System/Library/Components/CoreAudio.component/Contents/MacOS/CoreAudio
0x000000000bcbf000 	/System/Library/PrivateFrameworks/CoreServicesInternal.framework/Versions/A/CoreServicesInternal

VM Arguments:
jvm_args: -Dfile.encoding=UTF-8 
java_command: Main
java_class_path (initial): /Library/Java/JavaVirtualMachines/jdk1.8.0_73.jdk/Contents/Home/jre/lib/charsets.jar:/Library/Java/JavaVirtualMachines/jdk1.8.0_73.jdk/Contents/Home/jre/lib/deploy.jar:/Library/Java/JavaVirtualMachines/jdk1.8.0_73.jdk/Contents/Home/jre/lib/ext/cldrdata.jar:/Library/Java/JavaVirtualMachines/jdk1.8.0_73.jdk/Contents/Home/jre/lib/ext/dnsns.jar:/Library/Java/JavaVirtualMachines/jdk1.8.0_73.jdk/Contents/Home/jre/lib/ext/jaccess.jar:/Library/Java/JavaVirtualMachines/jdk1.8.0_73.jdk/Contents/Home/jre/lib/ext/jfxrt.jar:/Library/Java/JavaVirtualMachines/jdk1.8.0_73.jdk/Contents/Home/jre/lib/ext/localedata.jar:/Library/Java/JavaVirtualMachines/jdk1.8.0_73.jdk/Contents/Home/jre/lib/ext/nashorn.jar:/Library/Java/JavaVirtualMachines/jdk1.8.0_73.jdk/Contents/Home/jre/lib/ext/sunec.jar:/Library/Java/JavaVirtualMachines/jdk1.8.0_73.jdk/Contents/Home/jre/lib/ext/sunjce_provider.jar:/Library/Java/JavaVirtualMachines/jdk1.8.0_73.jdk/Contents/Home/jre/lib/ext/sunpkcs11.jar:/Library/Java/JavaVirtualMachines/jdk1.8.0_73.jdk/Contents/Home/jre/lib/ext/zipfs.jar:/Library/Java/JavaVirtualMachines/jdk1.8.0_73.jdk/Contents/Home/jre/lib/javaws.jar:/Library/Java/JavaVirtualMachines/jdk1.8.0_73.jdk/Contents/Home/jre/lib/jce.jar:/Library/Java/JavaVirtualMachines/jdk1.8.0_73.jdk/Contents/Home/jre/lib/jfr.jar:/Library/Java/JavaVirtualMachines/jdk1.8.0_73.jdk/Contents/Home/jre/lib/jfxswt.jar:/Library/Java/JavaVirtualMachines/jdk1.8.0_73.jdk/Contents/Home/jre/lib/jsse.jar:/Library/Java/JavaVirtualMachines/jdk1.8.0_73.jdk/Contents/Home/jre/lib/management-agent.jar:/Library/Java/JavaVirtualMachines/jdk1.8.0_73.jdk/Contents/Home/jre/lib/plugin.jar:/Library/Java/JavaVirtualMachines/jdk1.8.0_73.jdk/Contents/Home/jre/lib/resources.jar:/Library/Java/JavaVirtualMachines/jdk1.8.0_73.jdk/Contents/Home/jre/lib/rt.jar:/Library/Java/JavaVirtualMachines/jdk1.8.0_73.jdk/Contents/Home/lib/ant-javafx.jar:/Library/Java/JavaVirtualMachines/jdk1.8.0_73.jdk/Contents/Home/lib/dt.jar:/Library/Ja
Launcher Type: SUN_STANDARD

Environment Variables:
JAVA_HOME=/Library/Java/JavaVirtualMachines/jdk1.8.0_73.jdk/Contents/Home
CLASSPATH=.:/usr/local/lib/antlr-4.7.1-complete.jar:
PATH=/usr/local/ffmpeg/bin:/usr/local/opt/tcl-tk/bin:/Users/lee/Downloads/maven3.3.9/bin:/Users/lee/Library/Ant197/bin:/Users/lee/Library/Tomcat8/bin:/Library/Frameworks/Python.framework/Versions/3.5/bin:/usr/local/bin:/usr/bin:/bin:/usr/sbin:/sbin:/usr/local/go/bin:/Applications/Wireshark.app/Contents/MacOS:/usr/local/mysql/bin:/Users/lee/go/bin:/Users/lee/gocode//bin:/opt/oracle/instantclient    :~/data/arthas/arthas
SHELL=/bin/bash

Signal Handlers:
SIGSEGV: [libjvm.dylib+0x5a71a5], sa_mask[0]=11111111011111110111111111111111, sa_flags=SA_ONSTACK|SA_RESTART|SA_SIGINFO
SIGBUS: [libjvm.dylib+0x5a71a5], sa_mask[0]=11111111011111110111111111111111, sa_flags=SA_RESTART|SA_SIGINFO
SIGFPE: [libjvm.dylib+0x480eb4], sa_mask[0]=11111111011111110111111111111111, sa_flags=SA_RESTART|SA_SIGINFO
SIGPIPE: [libjvm.dylib+0x480eb4], sa_mask[0]=11111111011111110111111111111111, sa_flags=SA_RESTART|SA_SIGINFO
SIGXFSZ: [libjvm.dylib+0x480eb4], sa_mask[0]=11111111011111110111111111111111, sa_flags=SA_RESTART|SA_SIGINFO
SIGILL: [libjvm.dylib+0x480eb4], sa_mask[0]=11111111011111110111111111111111, sa_flags=SA_RESTART|SA_SIGINFO
SIGUSR1: SIG_DFL, sa_mask[0]=00000000000000000000000000000000, sa_flags=none
SIGUSR2: [libjvm.dylib+0x4809d2], sa_mask[0]=00100000000000000000000000000000, sa_flags=SA_RESTART|SA_SIGINFO
SIGHUP: [libjvm.dylib+0x47efa9], sa_mask[0]=11111111011111110111111111111111, sa_flags=SA_RESTART|SA_SIGINFO
SIGINT: [libjvm.dylib+0x47efa9], sa_mask[0]=11111111011111110111111111111111, sa_flags=SA_RESTART|SA_SIGINFO
SIGTERM: [libjvm.dylib+0x47efa9], sa_mask[0]=11111111011111110111111111111111, sa_flags=SA_RESTART|SA_SIGINFO
SIGQUIT: [libjvm.dylib+0x47efa9], sa_mask[0]=11111111011111110111111111111111, sa_flags=SA_RESTART|SA_SIGINFO


---------------  S Y S T E M  ---------------

OS:Bsduname:Darwin 16.7.0 Darwin Kernel Version 16.7.0: Sun Jun  2 20:26:31 PDT 2019; root:xnu-3789.73.50~1/RELEASE_X86_64 x86_64
rlimit: STACK 8192k, CORE 0k, NPROC 709, NOFILE 10240, AS infinity
load average:7.33 4.86 4.38

CPU:total 4 (2 cores per cpu, 2 threads per core) family 6 model 61 stepping 4, cmov, cx8, fxsr, mmx, sse, sse2, sse3, ssse3, sse4.1, sse4.2, popcnt, avx, avx2, aes, clmul, erms, 3dnowpref, lzcnt, ht, tsc, tscinvbit, bmi1, bmi2, adx

Memory: 4k page, physical 8388608k(60192k free)

/proc/meminfo:


vm_info: Java HotSpot(TM) 64-Bit Server VM (25.73-b02) for bsd-amd64 JRE (1.8.0_73-b02), built on Jan 29 2016 15:02:00 by "java_re" with gcc 4.2.1 (Based on Apple Inc. build 5658) (LLVM build 2336.11.00)

time: Wed May  4 11:07:59 2022
elapsed time: 3 seconds (0d 0h 0m 3s)

